Trace               ,Cache Size  ,Policy      ,Hits        ,Misses      ,Hit Ratio   , Time(s)     ,DynamodbDRAM,DynamodbSSD ,MongodbDRAM ,MongodbSSD  ,SQLDRAM     ,SQLSSD      
zipf_1.0_0.0.tr     ,1000        ,LRU         ,803929      ,1196071     ,0.4019645   ,1.2055      ,  12362674.5,    14372497,  60205514.5,    62215337, 120009064.5,   122018887
zipf_1.0_0.0.tr     ,2000        ,LRU         ,911500      ,1088500     ,0.45575     ,1.1508      ,  11340750.0,    13619500,  54880750.0,    57159500, 109305750.0,   111584500
zipf_1.0_0.0.tr     ,3000        ,LRU         ,975608      ,1024392     ,0.487804    ,1.1413      ,  10731724.0,    13170744,  51707404.0,    54146424, 102927004.0,   105366024
zipf_1.0_0.0.tr     ,4000        ,LRU         ,1021367     ,978633      ,0.5106835   ,1.1068      ,  10297013.5,    12850431,  49442333.5,    51995751,  98373983.5,   100927401
zipf_1.0_0.0.tr     ,5000        ,LRU         ,1056745     ,943255      ,0.5283725   ,1.0972      ,   9960922.5,    12602785,  47691122.5,    50332985,  94853872.5,    97495735
zipf_1.0_0.0.tr     ,6000        ,LRU         ,1085948     ,914052      ,0.542974    ,1.0955      ,   9683494.0,    12398364,  46245574.0,    48960444,  91948174.0,    94663044
zipf_1.0_0.0.tr     ,7000        ,LRU         ,1110460     ,889540      ,0.55523     ,1.1529      ,   9450630.0,    12226780,  45032230.0,    47808380,  89509230.0,    92285380
zipf_1.0_0.0.tr     ,8000        ,LRU         ,1131723     ,868277      ,0.5658615   ,1.1034      ,   9248631.5,    12077939,  43979711.5,    46809019,  87393561.5,    90222869
zipf_1.0_0.0.tr     ,9000        ,LRU         ,1150761     ,849239      ,0.5753805   ,1.0926      ,   9067770.5,    11944673,  43037330.5,    45914233,  85499280.5,    88376183
zipf_1.0_0.0.tr     ,10000       ,LRU         ,1167428     ,832572      ,0.583714    ,1.0947      ,   8909434.0,    11828004,  42212314.0,    45130884,  83840914.0,    86759484
zipf_1.0_0.0.tr     ,20000       ,LRU         ,1279636     ,720364      ,0.639818    ,1.0792      ,   7843458.0,    11042548,  36658018.0,    39857108,  72676218.0,    75875308
zipf_1.0_0.0.tr     ,30000       ,LRU         ,1344595     ,655405      ,0.6722975   ,1.1057      ,   7226347.5,    10587835,  33442547.5,    36804035,  66212797.5,    69574285
zipf_1.0_0.0.tr     ,40000       ,LRU         ,1391228     ,608772      ,0.695614    ,1.0836      ,   6783334.0,    10261404,  31134214.0,    34612284,  61572814.0,    65050884
zipf_1.0_0.0.tr     ,50000       ,LRU         ,1426656     ,573344      ,0.713328    ,1.0931      ,   6446768.0,    10013408,  29380528.0,    32947168,  58047728.0,    61614368
zipf_1.0_0.0.tr     ,60000       ,LRU         ,1455813     ,544187      ,0.7279065   ,1.215       ,   6169776.5,     9809309,  27937256.5,    31576789,  55146606.5,    58786139
zipf_1.0_0.0.tr     ,70000       ,LRU         ,1480143     ,519857      ,0.7400715   ,1.2814      ,   5938641.5,     9638999,  26732921.5,    30433279,  52725771.5,    56426129
zipf_1.0_0.0.tr     ,80000       ,LRU         ,1500561     ,499439      ,0.7502805   ,1.2342      ,   5744670.5,     9496073,  25722230.5,    29473633,  50694180.5,    54445583
zipf_1.0_0.0.tr     ,90000       ,LRU         ,1518455     ,481545      ,0.7592275   ,1.2601      ,   5574677.5,     9370815,  24836477.5,    28632615,  48913727.5,    52709865
zipf_1.0_0.0.tr     ,100000      ,LRU         ,1534004     ,465996      ,0.767002    ,1.2879      ,   5426962.0,     9261972,  24066802.0,    27901812,  47366602.0,    51201612
zipf_1.0_0.0.tr     ,200000      ,LRU         ,1624266     ,375734      ,0.812133    ,1.3602      ,   4569473.0,     8630138,  19598833.0,    23659498,  38385533.0,    42446198
zipf_1.0_0.0.tr     ,300000      ,LRU         ,1654789     ,345211      ,0.8273945   ,1.7276      ,   4279504.5,     8416477,  18087944.5,    22224917,  35348494.5,    39485467
zipf_1.0_0.0.tr     ,400000      ,LRU         ,1657362     ,342638      ,0.828681    ,1.4262      ,   4255061.0,     8398466,  17960581.0,    22103986,  35092481.0,    39235886
zipf_1.0_0.0.tr     ,500000      ,LRU         ,1657362     ,342638      ,0.828681    ,1.4721      ,   4255061.0,     8398466,  17960581.0,    22103986,  35092481.0,    39235886
zipf_1.0_0.0.tr     ,600000      ,LRU         ,1657362     ,342638      ,0.828681    ,1.5211      ,   4255061.0,     8398466,  17960581.0,    22103986,  35092481.0,    39235886
zipf_1.0_0.0.tr     ,700000      ,LRU         ,1657362     ,342638      ,0.828681    ,1.0522      ,   4255061.0,     8398466,  17960581.0,    22103986,  35092481.0,    39235886
zipf_1.0_0.0.tr     ,800000      ,LRU         ,1657362     ,342638      ,0.828681    ,1.517       ,   4255061.0,     8398466,  17960581.0,    22103986,  35092481.0,    39235886
zipf_1.0_0.0.tr     ,900000      ,LRU         ,1657362     ,342638      ,0.828681    ,1.7168      ,   4255061.0,     8398466,  17960581.0,    22103986,  35092481.0,    39235886
zipf_1.0_0.0.tr     ,1000000     ,LRU         ,1657362     ,342638      ,0.828681    ,1.0537      ,   4255061.0,     8398466,  17960581.0,    22103986,  35092481.0,    39235886
zipf_1.1_0.0.tr     ,1000        ,LRU         ,2000179     ,1999821     ,0.50004475  ,1.0904      ,  20998299.5,    25998747, 100991139.5,   105991587, 200982189.5,   205982637
zipf_1.1_0.0.tr     ,2000        ,LRU         ,2210398     ,1789602     ,0.5525995   ,1.0453      ,  19001219.0,    24527214,  90585299.0,    96111294, 180065399.0,   185591394
zipf_1.1_0.0.tr     ,3000        ,LRU         ,2331296     ,1668704     ,0.582824    ,1.0259      ,  17852688.0,    23680928,  84600848.0,    90429088, 168036048.0,   173864288
zipf_1.1_0.0.tr     ,4000        ,LRU         ,2416135     ,1583865     ,0.60403375  ,1.029       ,  17046717.5,    23087055,  80401317.5,    86441655, 159594567.5,   165634905
zipf_1.1_0.0.tr     ,5000        ,LRU         ,2481071     ,1518929     ,0.62026775  ,0.9995      ,  16429825.5,    22632503,  77186985.5,    83389663, 153133435.5,   159336113
zipf_1.1_0.0.tr     ,6000        ,LRU         ,2534098     ,1465902     ,0.6335245   ,0.994       ,  15926069.0,    22261314,  74562149.0,    80897394, 147857249.0,   154192494
zipf_1.1_0.0.tr     ,7000        ,LRU         ,2578496     ,1421504     ,0.644624    ,1.0303      ,  15504288.0,    21950528,  72364448.0,    78810688, 143439648.0,   149885888
zipf_1.1_0.0.tr     ,8000        ,LRU         ,2616477     ,1383523     ,0.65411925  ,1.006       ,  15143468.5,    21684661,  70484388.5,    77025581, 139660538.5,   146201731
zipf_1.1_0.0.tr     ,9000        ,LRU         ,2650260     ,1349740     ,0.662565    ,0.9894      ,  14822530.0,    21448180,  68812130.0,    75437780, 136299130.0,   142924780
zipf_1.1_0.0.tr     ,10000       ,LRU         ,2679861     ,1320139     ,0.66996525  ,0.9812      ,  14541320.5,    21240973,  67346880.5,    74046533, 133353830.5,   140053483
zipf_1.1_0.0.tr     ,20000       ,LRU         ,2875154     ,1124846     ,0.7187885   ,0.9633      ,  12686037.0,    19873922,  57679877.0,    64867762, 113922177.0,   121110062
zipf_1.1_0.0.tr     ,30000       ,LRU         ,2986625     ,1013375     ,0.74665625  ,0.9631      ,  11627062.5,    19093625,  52162062.5,    59628625, 102830812.5,   110297375
zipf_1.1_0.0.tr     ,40000       ,LRU         ,3065538     ,934462      ,0.7663845   ,0.9633      ,  10877389.0,    18541234,  48255869.0,    55919714,  94978969.0,   102642814
zipf_1.1_0.0.tr     ,50000       ,LRU         ,3125555     ,874445      ,0.78138875  ,0.9745      ,  10307227.5,    18121115,  45285027.5,    53098915,  89007277.5,    96821165
zipf_1.1_0.0.tr     ,60000       ,LRU         ,3174268     ,825732      ,0.793567    ,0.9711      ,   9844454.0,    17780124,  42873734.0,    50809404,  84160334.0,    92096004
zipf_1.1_0.0.tr     ,70000       ,LRU         ,3214935     ,785065      ,0.80373375  ,0.97        ,   9458117.5,    17495455,  40860717.5,    48898055,  80113967.5,    88151305
zipf_1.1_0.0.tr     ,80000       ,LRU         ,3249299     ,750701      ,0.81232475  ,0.973       ,   9131659.5,    17254907,  39159699.5,    47282947,  76694749.5,    84817997
zipf_1.1_0.0.tr     ,90000       ,LRU         ,3279514     ,720486      ,0.8198785   ,0.9791      ,   8844617.0,    17043402,  37664057.0,    45862842,  73688357.0,    81887142
zipf_1.1_0.0.tr     ,100000      ,LRU         ,3306068     ,693932      ,0.826517    ,0.9785      ,   8592354.0,    16857524,  36349634.0,    44614804,  71046234.0,    79311404
zipf_1.1_0.0.tr     ,200000      ,LRU         ,3465844     ,534156      ,0.866461    ,1.0028      ,   7074482.0,    15739092,  28440722.0,    37105332,  55148522.0,    63813132
zipf_1.1_0.0.tr     ,300000      ,LRU         ,3536397     ,463603      ,0.88409925  ,0.9894      ,   6404228.5,    15245221,  24948348.5,    33789341,  48128498.5,    56969491
zipf_1.1_0.0.tr     ,400000      ,LRU         ,3563569     ,436431      ,0.89089225  ,2.2151      ,   6146094.5,    15055017,  23603334.5,    32512257,  45424884.5,    54333807
zipf_1.1_0.0.tr     ,500000      ,LRU         ,3565333     ,434667      ,0.89133325  ,0.9878      ,   6129336.5,    15042669,  23516016.5,    32429349,  45249366.5,    54162699
zipf_1.1_0.0.tr     ,600000      ,LRU         ,3565333     ,434667      ,0.89133325  ,0.9495      ,   6129336.5,    15042669,  23516016.5,    32429349,  45249366.5,    54162699
zipf_1.1_0.0.tr     ,700000      ,LRU         ,3565333     ,434667      ,0.89133325  ,0.9363      ,   6129336.5,    15042669,  23516016.5,    32429349,  45249366.5,    54162699
zipf_1.1_0.0.tr     ,800000      ,LRU         ,3565333     ,434667      ,0.89133325  ,0.9673      ,   6129336.5,    15042669,  23516016.5,    32429349,  45249366.5,    54162699
zipf_1.1_0.0.tr     ,900000      ,LRU         ,3565333     ,434667      ,0.89133325  ,0.972       ,   6129336.5,    15042669,  23516016.5,    32429349,  45249366.5,    54162699
zipf_1.1_0.0.tr     ,1000000     ,LRU         ,3565333     ,434667      ,0.89133325  ,0.9719      ,   6129336.5,    15042669,  23516016.5,    32429349,  45249366.5,    54162699
zipf_1.2_0.0.tr     ,1000        ,LRU         ,3520167     ,2479833     ,0.5866945   ,0.9485      ,  26558413.5,    35358831, 125751733.5,   134552151, 249743383.5,   258543801
zipf_1.2_0.0.tr     ,2000        ,LRU         ,3811179     ,2188821     ,0.6351965   ,0.9212      ,  23793799.5,    33321747, 111346639.5,   120874587, 220787689.5,   230315637
zipf_1.2_0.0.tr     ,3000        ,LRU         ,3974694     ,2025306     ,0.662449    ,0.9101      ,  22240407.0,    32177142, 103252647.0,   113189382, 204517947.0,   214454682
zipf_1.2_0.0.tr     ,4000        ,LRU         ,4087787     ,1912213     ,0.6812978333333334,0.8784      ,  21166023.5,    31385491,  97654543.5,   107874011, 193265193.5,   203484661
zipf_1.2_0.0.tr     ,5000        ,LRU         ,4173486     ,1826514     ,0.695581    ,0.8868      ,  20351883.0,    30785598,  93412443.0,   103846158, 184738143.0,   195171858
zipf_1.2_0.0.tr     ,6000        ,LRU         ,4242863     ,1757137     ,0.7071438333333333,0.892       ,  19692801.5,    30299959,  89978281.5,   100585439, 177835131.5,   188442289
zipf_1.2_0.0.tr     ,7000        ,LRU         ,4300422     ,1699578     ,0.716737    ,0.8718      ,  19145991.0,    29897046,  87129111.0,    97880166, 172108011.0,   182859066
zipf_1.2_0.0.tr     ,8000        ,LRU         ,4349784     ,1650216     ,0.724964    ,0.8784      ,  18677052.0,    29551512,  84685692.0,    95560152, 167196492.0,   178070952
zipf_1.2_0.0.tr     ,9000        ,LRU         ,4393176     ,1606824     ,0.732196    ,0.8946      ,  18264828.0,    29247768,  82537788.0,    93520728, 162878988.0,   173861928
zipf_1.2_0.0.tr     ,10000       ,LRU         ,4431195     ,1568805     ,0.7385325   ,0.8831      ,  17903647.5,    28981635,  80655847.5,    91733835, 159096097.5,   170174085
zipf_1.2_0.0.tr     ,20000       ,LRU         ,4677540     ,1322460     ,0.77959     ,0.8591      ,  15563370.0,    27257220,  68461770.0,    80155620, 134584770.0,   146278620
zipf_1.2_0.0.tr     ,30000       ,LRU         ,4816599     ,1183401     ,0.8027665   ,0.8736      ,  14242309.5,    26283807,  61578349.5,    73619847, 120748399.5,   132789897
zipf_1.2_0.0.tr     ,40000       ,LRU         ,4913178     ,1086822     ,0.818863    ,0.8768      ,  13324809.0,    25607754,  56797689.0,    69080634, 111138789.0,   123421734
zipf_1.2_0.0.tr     ,50000       ,LRU         ,4986131     ,1013869     ,0.8310218333333333,0.8811      ,  12631755.5,    25097083,  53186515.5,    65651843, 103879965.5,   116345293
zipf_1.2_0.0.tr     ,60000       ,LRU         ,5045309     ,954691      ,0.8408848333333333,0.8793      ,  12069564.5,    24682837,  50257204.5,    62870477,  97991754.5,   110605027
zipf_1.2_0.0.tr     ,70000       ,LRU         ,5094621     ,905379      ,0.8491035   ,0.8801      ,  11601100.5,    24337653,  47816260.5,    60552813,  93085210.5,   105821763
zipf_1.2_0.0.tr     ,80000       ,LRU         ,5136200     ,863800      ,0.8560333333333333,0.884       ,  11206100.0,    24046600,  45758100.0,    58598600,  88948100.0,   101788600
zipf_1.2_0.0.tr     ,90000       ,LRU         ,5172593     ,827407      ,0.8620988333333334,0.8973      ,  10860366.5,    23791849,  43956646.5,    56888129,  85326996.5,    98258479
zipf_1.2_0.0.tr     ,100000      ,LRU         ,5204627     ,795373      ,0.8674378333333334,0.8839      ,  10556043.5,    23567611,  42370963.5,    55382531,  82139613.5,    95151181
zipf_1.2_0.0.tr     ,200000      ,LRU         ,5397693     ,602307      ,0.8996155   ,0.8939      ,   8721916.5,    22216149,  32814196.5,    46308429,  62929546.5,    76423779
zipf_1.2_0.0.tr     ,300000      ,LRU         ,5486396     ,513604      ,0.9143993333333333,0.8881      ,   7879238.0,    21595228,  28423398.0,    42139388,  54103598.0,    67819588
zipf_1.2_0.0.tr     ,400000      ,LRU         ,5525983     ,474017      ,0.9209971666666666,0.8926      ,   7503161.5,    21318119,  26463841.5,    40278799,  50164691.5,    63979649
zipf_1.2_0.0.tr     ,500000      ,LRU         ,5532968     ,467032      ,0.9221613333333334,2.3171      ,   7436804.0,    21269224,  26118084.0,    39950504,  49469684.0,    63302104
zipf_1.2_0.0.tr     ,600000      ,LRU         ,5532968     ,467032      ,0.9221613333333334,0.8913      ,   7436804.0,    21269224,  26118084.0,    39950504,  49469684.0,    63302104
zipf_1.2_0.0.tr     ,700000      ,LRU         ,5532968     ,467032      ,0.9221613333333334,0.9344      ,   7436804.0,    21269224,  26118084.0,    39950504,  49469684.0,    63302104
zipf_1.2_0.0.tr     ,800000      ,LRU         ,5532968     ,467032      ,0.9221613333333334,0.899       ,   7436804.0,    21269224,  26118084.0,    39950504,  49469684.0,    63302104
zipf_1.2_0.0.tr     ,900000      ,LRU         ,5532968     ,467032      ,0.9221613333333334,0.907       ,   7436804.0,    21269224,  26118084.0,    39950504,  49469684.0,    63302104
zipf_1.2_0.0.tr     ,1000000     ,LRU         ,5532968     ,467032      ,0.9221613333333334,0.8967      ,   7436804.0,    21269224,  26118084.0,    39950504,  49469684.0,    63302104
zipf_1.3_0.0.tr     ,1000        ,LRU         ,5257106     ,2742894     ,0.65713825  ,0.8726      ,  30057493.0,    43200258, 139773253.0,   152916018, 276917953.0,   290060718
zipf_1.3_0.0.tr     ,2000        ,LRU         ,5603705     ,2396295     ,0.700463125 ,0.8714      ,  26764802.5,    40774065, 122616602.5,   136625865, 242431352.5,   256440615
zipf_1.3_0.0.tr     ,3000        ,LRU         ,5794795     ,2205205     ,0.724349375 ,0.8425      ,  24949447.5,    39436435, 113157647.5,   127644635, 223417897.5,   237904885
zipf_1.3_0.0.tr     ,4000        ,LRU         ,5925690     ,2074310     ,0.74071125  ,0.9489      ,  23705945.0,    38520170, 106678345.0,   121492570, 210393845.0,   225208070
zipf_1.3_0.0.tr     ,5000        ,LRU         ,6024110     ,1975890     ,0.75301375  ,0.8535      ,  22770955.0,    37831230, 101806555.0,   116866830, 200601055.0,   215661330
zipf_1.3_0.0.tr     ,6000        ,LRU         ,6103265     ,1896735     ,0.762908125 ,0.835       ,  22018982.5,    37277145,  97888382.5,   113146545, 192725132.5,   207983295
zipf_1.3_0.0.tr     ,7000        ,LRU         ,6168692     ,1831308     ,0.7710865   ,0.8362      ,  21397426.0,    36819156,  94649746.0,   110071476, 186215146.0,   201636876
zipf_1.3_0.0.tr     ,8000        ,LRU         ,6224693     ,1775307     ,0.778086625 ,0.8625      ,  20865416.5,    36427149,  91877696.5,   107439429, 180643046.5,   196204779
zipf_1.3_0.0.tr     ,9000        ,LRU         ,6273568     ,1726432     ,0.784196    ,0.8447      ,  20401104.0,    36085024,  89458384.0,   105142304, 175779984.0,   191463904
zipf_1.3_0.0.tr     ,10000       ,LRU         ,6316457     ,1683543     ,0.789557125 ,0.8463      ,  19993658.5,    35784801,  87335378.5,   103126521, 171512528.5,   187303671
zipf_1.3_0.0.tr     ,20000       ,LRU         ,6590731     ,1409269     ,0.823841375 ,0.8468      ,  17388055.5,    33864883,  73758815.5,    90235643, 144222265.5,   160699093
zipf_1.3_0.0.tr     ,30000       ,LRU         ,6743445     ,1256555     ,0.842930625 ,0.8371      ,  15937272.5,    32795885,  66199472.5,    83058085, 129027222.5,   145885835
zipf_1.3_0.0.tr     ,40000       ,LRU         ,6848723     ,1151277     ,0.856090375 ,0.8434      ,  14937131.5,    32058939,  60988211.5,    78110019, 118552061.5,   135673869
zipf_1.3_0.0.tr     ,50000       ,LRU         ,6928091     ,1071909     ,0.866011375 ,0.8358      ,  14183135.5,    31503363,  57059495.5,    74379723, 110654945.5,   127975173
zipf_1.3_0.0.tr     ,60000       ,LRU         ,6991968     ,1008032     ,0.873996    ,0.8372      ,  13576304.0,    31056224,  53897584.0,    71377504, 104299184.0,   121779104
zipf_1.3_0.0.tr     ,70000       ,LRU         ,7045271     ,954729      ,0.880658875 ,0.8485      ,  13069925.5,    30683103,  51259085.5,    68872263,  98995535.5,   116608713
zipf_1.3_0.0.tr     ,80000       ,LRU         ,7089981     ,910019      ,0.886247625 ,0.827       ,  12645180.5,    30370133,  49045940.5,    66770893,  94546890.5,   112271843
zipf_1.3_0.0.tr     ,90000       ,LRU         ,7129205     ,870795      ,0.891150625 ,0.8426      ,  12272552.5,    30095565,  47104352.5,    64927365,  90644102.5,   108467115
zipf_1.3_0.0.tr     ,100000      ,LRU         ,7163647     ,836353      ,0.895455875 ,0.8505      ,  11945353.5,    29854471,  45399473.5,    63308591,  87217123.5,   105126241
zipf_1.3_0.0.tr     ,200000      ,LRU         ,7371291     ,628709      ,0.921411375 ,0.847       ,   9972735.5,    28400963,  35121095.5,    53549323,  66556545.5,    84984773
zipf_1.3_0.0.tr     ,300000      ,LRU         ,7467500     ,532500      ,0.9334375   ,0.8471      ,   9058750.0,    27727500,  30358750.0,    49027500,  56983750.0,    75652500
zipf_1.3_0.0.tr     ,400000      ,LRU         ,7511935     ,488065      ,0.938991875 ,0.831       ,   8636617.5,    27416455,  28159217.5,    46939055,  52562467.5,    71342305
zipf_1.3_0.0.tr     ,500000      ,LRU         ,7521653     ,478347      ,0.940206625 ,1.1703      ,   8544296.5,    27348429,  27678176.5,    46482309,  51595526.5,    70399659
zipf_1.3_0.0.tr     ,600000      ,LRU         ,7521653     ,478347      ,0.940206625 ,0.8165      ,   8544296.5,    27348429,  27678176.5,    46482309,  51595526.5,    70399659
zipf_1.3_0.0.tr     ,700000      ,LRU         ,7521653     ,478347      ,0.940206625 ,0.8344      ,   8544296.5,    27348429,  27678176.5,    46482309,  51595526.5,    70399659
zipf_1.3_0.0.tr     ,800000      ,LRU         ,7521653     ,478347      ,0.940206625 ,0.8101      ,   8544296.5,    27348429,  27678176.5,    46482309,  51595526.5,    70399659
zipf_1.3_0.0.tr     ,900000      ,LRU         ,7521653     ,478347      ,0.940206625 ,0.8193      ,   8544296.5,    27348429,  27678176.5,    46482309,  51595526.5,    70399659
zipf_1.3_0.0.tr     ,1000000     ,LRU         ,7521653     ,478347      ,0.940206625 ,0.8289      ,   8544296.5,    27348429,  27678176.5,    46482309,  51595526.5,    70399659
zipf_1.4_0.0.tr     ,1000        ,LRU         ,7119758     ,2880242     ,0.7119758   ,0.8177      ,  32362299.0,    50161694, 147571979.0,   165371374, 291584079.0,   309383474
zipf_1.4_0.0.tr     ,2000        ,LRU         ,7501770     ,2498230     ,0.750177    ,0.7938      ,  28733185.0,    47487610, 128662385.0,   147416810, 253573885.0,   272328310
zipf_1.4_0.0.tr     ,3000        ,LRU         ,7709358     ,2290642     ,0.7709358   ,0.7976      ,  26761099.0,    46034494, 118386779.0,   137660174, 232918879.0,   252192274
zipf_1.4_0.0.tr     ,4000        ,LRU         ,7850380     ,2149620     ,0.785038    ,0.7948      ,  25421390.0,    45047340, 111406190.0,   131032140, 218887190.0,   238513140
zipf_1.4_0.0.tr     ,5000        ,LRU         ,7955776     ,2044224     ,0.7955776   ,0.8008      ,  24420128.0,    44309568, 106189088.0,   126078528, 208400288.0,   228289728
zipf_1.4_0.0.tr     ,6000        ,LRU         ,8040174     ,1959826     ,0.8040174   ,0.8004      ,  23618347.0,    43718782, 102011387.0,   122111822, 200002687.0,   220103122
zipf_1.4_0.0.tr     ,7000        ,LRU         ,8109726     ,1890274     ,0.8109726   ,0.7986      ,  22957603.0,    43231918,  98568563.0,   118842878, 193082263.0,   213356578
zipf_1.4_0.0.tr     ,8000        ,LRU         ,8169219     ,1830781     ,0.8169219   ,0.7924      ,  22392419.5,    42815467,  95623659.5,   116046707, 187162709.5,   207585757
zipf_1.4_0.0.tr     ,9000        ,LRU         ,8221011     ,1778989     ,0.8221011   ,0.7984      ,  21900395.5,    42452923,  93059955.5,   113612483, 182009405.5,   202561933
zipf_1.4_0.0.tr     ,10000       ,LRU         ,8266408     ,1733592     ,0.8266408   ,0.7988      ,  21469124.0,    42135144,  90812804.0,   111478824, 177492404.0,   198158424
zipf_1.4_0.0.tr     ,20000       ,LRU         ,8554654     ,1445346     ,0.8554654   ,0.7801      ,  18730787.0,    40117422,  76544627.0,    97931262, 148811927.0,   170198562
zipf_1.4_0.0.tr     ,30000       ,LRU         ,8713792     ,1286208     ,0.8713792   ,0.798       ,  17218976.0,    39003456,  68667296.0,    90451776, 132977696.0,   154762176
zipf_1.4_0.0.tr     ,40000       ,LRU         ,8823083     ,1176917     ,0.8823083   ,0.8252      ,  16180711.5,    38238419,  63257391.5,    85315099, 122103241.5,   144160949
zipf_1.4_0.0.tr     ,50000       ,LRU         ,8905130     ,1094870     ,0.890513    ,0.8163      ,  15401265.0,    37664090,  59196065.0,    81458890, 113939565.0,   136202390
zipf_1.4_0.0.tr     ,60000       ,LRU         ,8971271     ,1028729     ,0.8971271   ,0.8176      ,  14772925.5,    37201103,  55922085.5,    78350263, 107358535.5,   129786713
zipf_1.4_0.0.tr     ,70000       ,LRU         ,9026413     ,973587      ,0.9026413   ,0.8399      ,  14249076.5,    36815109,  53192556.5,    75758589, 101871906.5,   124437939
zipf_1.4_0.0.tr     ,80000       ,LRU         ,9072520     ,927480      ,0.907252    ,0.8303      ,  13811060.0,    36492360,  50910260.0,    73591560,  97284260.0,   119965560
zipf_1.4_0.0.tr     ,90000       ,LRU         ,9112783     ,887217      ,0.9112783   ,0.8152      ,  13428561.5,    36210519,  48917241.5,    71699199,  93278091.5,   116060049
zipf_1.4_0.0.tr     ,100000      ,LRU         ,9148143     ,851857      ,0.9148143   ,0.8123      ,  13092641.5,    35962999,  47166921.5,    70037279,  89759771.5,   112630129
zipf_1.4_0.0.tr     ,200000      ,LRU         ,9361579     ,638421      ,0.9361579   ,0.8187      ,  11064999.5,    34468947,  36601839.5,    60005787,  68522889.5,    91926837
zipf_1.4_0.0.tr     ,300000      ,LRU         ,9460772     ,539228      ,0.9460772   ,0.8141      ,  10122666.0,    33774596,  31691786.0,    55343716,  58653186.0,    82305116
zipf_1.4_0.0.tr     ,400000      ,LRU         ,9507025     ,492975      ,0.9507025   ,0.8149      ,   9683262.5,    33450825,  29402262.5,    53169825,  54051012.5,    77818575
zipf_1.4_0.0.tr     ,500000      ,LRU         ,9517849     ,482151      ,0.9517849   ,0.8836      ,   9580434.5,    33375057,  28866474.5,    52661097,  52974024.5,    76768647
zipf_1.4_0.0.tr     ,600000      ,LRU         ,9517849     ,482151      ,0.9517849   ,0.7934      ,   9580434.5,    33375057,  28866474.5,    52661097,  52974024.5,    76768647
zipf_1.4_0.0.tr     ,700000      ,LRU         ,9517849     ,482151      ,0.9517849   ,0.9104      ,   9580434.5,    33375057,  28866474.5,    52661097,  52974024.5,    76768647
zipf_1.4_0.0.tr     ,800000      ,LRU         ,9517849     ,482151      ,0.9517849   ,0.7934      ,   9580434.5,    33375057,  28866474.5,    52661097,  52974024.5,    76768647
zipf_1.4_0.0.tr     ,900000      ,LRU         ,9517849     ,482151      ,0.9517849   ,0.8107      ,   9580434.5,    33375057,  28866474.5,    52661097,  52974024.5,    76768647
zipf_1.4_0.0.tr     ,1000000     ,LRU         ,9517849     ,482151      ,0.9517849   ,0.7994      ,   9580434.5,    33375057,  28866474.5,    52661097,  52974024.5,    76768647
zipf_1.5_0.0.tr     ,1000        ,LRU         ,9051291     ,2948709     ,0.75427425  ,0.8066      ,  34012735.5,    56640963, 151961095.5,   174589323, 299396545.5,   322024773
zipf_1.5_0.0.tr     ,2000        ,LRU         ,9453739     ,2546261     ,0.7878115833333333,0.7958      ,  30189479.5,    53823827, 132039919.5,   155674267, 259352969.5,   282987317
zipf_1.5_0.0.tr     ,3000        ,LRU         ,9670356     ,2329644     ,0.805863    ,0.8036      ,  28131618.0,    52307508, 121317378.0,   145493268, 237799578.0,   261975468
zipf_1.5_0.0.tr     ,4000        ,LRU         ,9816762     ,2183238     ,0.8180635   ,0.7906      ,  26740761.0,    51282666, 114070281.0,   138612186, 223232181.0,   247774086
zipf_1.5_0.0.tr     ,5000        ,LRU         ,9925893     ,2074107     ,0.82715775  ,0.7734      ,  25704016.5,    50518749, 108668296.5,   133483029, 212373646.5,   237188379
zipf_1.5_0.0.tr     ,6000        ,LRU         ,10013032    ,1986968     ,0.8344193333333333,0.7826      ,  24876196.0,    49908776, 104354916.0,   129387496, 203703316.0,   228735896
zipf_1.5_0.0.tr     ,7000        ,LRU         ,10084668    ,1915332     ,0.840389    ,0.7724      ,  24195654.0,    49407324, 100808934.0,   126020604, 196575534.0,   221787204
zipf_1.5_0.0.tr     ,8000        ,LRU         ,10145904    ,1854096     ,0.845492    ,0.7752      ,  23613912.0,    48978672,  97777752.0,   123142512, 190482552.0,   215847312
zipf_1.5_0.0.tr     ,9000        ,LRU         ,10199195    ,1800805     ,0.8499329166666667,0.778       ,  23107647.5,    48605635,  95139847.5,   120637835, 185180097.5,   210678085
zipf_1.5_0.0.tr     ,10000       ,LRU         ,10245817    ,1754183     ,0.8538180833333333,0.8025      ,  22664738.5,    48279281,  92832058.5,   118446601, 180541208.5,   206155751
zipf_1.5_0.0.tr     ,20000       ,LRU         ,10540533    ,1459467     ,0.87837775  ,0.7828      ,  19864936.5,    46216269,  78243616.5,   104594949, 151216966.5,   177568299
zipf_1.5_0.0.tr     ,30000       ,LRU         ,10702486    ,1297514     ,0.8918738333333334,0.7817      ,  18326383.0,    45082598,  70226943.0,    96983158, 135102643.0,   161858858
zipf_1.5_0.0.tr     ,40000       ,LRU         ,10813532    ,1186468     ,0.9011276666666667,0.8006      ,  17271446.0,    44305276,  64730166.0,    91763996, 124053566.0,   151087396
zipf_1.5_0.0.tr     ,50000       ,LRU         ,10896659    ,1103341     ,0.9080549166666667,0.7836      ,  16481739.5,    43723387,  60615379.5,    87857027, 115782429.5,   143024077
zipf_1.5_0.0.tr     ,60000       ,LRU         ,10963616    ,1036384     ,0.9136346666666667,0.7779      ,  15845648.0,    43254688,  57301008.0,    84710048, 109120208.0,   136529248
zipf_1.5_0.0.tr     ,70000       ,LRU         ,11019443    ,980557      ,0.9182869166666666,0.7914      ,  15315291.5,    42863899,  54537571.5,    82086179, 103565421.5,   131114029
zipf_1.5_0.0.tr     ,80000       ,LRU         ,11066160    ,933840      ,0.92218     ,0.7824      ,  14871480.0,    42536880,  52225080.0,    79890480,  98917080.0,   126582480
zipf_1.5_0.0.tr     ,90000       ,LRU         ,11106885    ,893115      ,0.92557375  ,0.7784      ,  14484592.5,    42251805,  50209192.5,    77976405,  94864942.5,   122632155
zipf_1.5_0.0.tr     ,100000      ,LRU         ,11142620    ,857380      ,0.9285516666666667,0.7868      ,  14145110.0,    42001660,  48440310.0,    76296860,  91309310.0,   119165860
zipf_1.5_0.0.tr     ,200000      ,LRU         ,11358256    ,641744      ,0.9465213333333333,0.793       ,  12096568.0,    40492208,  37766328.0,    66161968,  69853528.0,    98249168
zipf_1.5_0.0.tr     ,300000      ,LRU         ,11458472    ,541528      ,0.9548726666666667,0.7929      ,  11144516.0,    39790696,  32805636.0,    61451816,  59882036.0,    88528216
zipf_1.5_0.0.tr     ,400000      ,LRU         ,11505383    ,494617      ,0.9587819166666667,0.7662      ,  10698861.5,    39462319,  30483541.5,    59246999,  55214391.5,    83977849
zipf_1.5_0.0.tr     ,500000      ,LRU         ,11516622    ,483378      ,0.9597185   ,0.8284      ,  10592091.0,    39383646,  29927211.0,    58718766,  54096111.0,    82887666
zipf_1.5_0.0.tr     ,600000      ,LRU         ,11516622    ,483378      ,0.9597185   ,1.8828      ,  10592091.0,    39383646,  29927211.0,    58718766,  54096111.0,    82887666
zipf_1.5_0.0.tr     ,700000      ,LRU         ,11516622    ,483378      ,0.9597185   ,0.7583      ,  10592091.0,    39383646,  29927211.0,    58718766,  54096111.0,    82887666
zipf_1.5_0.0.tr     ,800000      ,LRU         ,11516622    ,483378      ,0.9597185   ,0.775       ,  10592091.0,    39383646,  29927211.0,    58718766,  54096111.0,    82887666
zipf_1.5_0.0.tr     ,900000      ,LRU         ,11516622    ,483378      ,0.9597185   ,0.7698      ,  10592091.0,    39383646,  29927211.0,    58718766,  54096111.0,    82887666
zipf_1.5_0.0.tr     ,1000000     ,LRU         ,11516622    ,483378      ,0.9597185   ,0.773       ,  10592091.0,    39383646,  29927211.0,    58718766,  54096111.0,    82887666
