Trace               ,Cache Size  ,Policy      ,Hits        ,Misses      ,Hit Ratio   , Time(s)     ,DynamodbDRAM,DynamodbSSD ,MongodbDRAM ,MongodbSSD  ,SqlDRAM     ,SqlSSD      
zipf_1.0_0.0.tr     ,1000        ,LRU         ,803929      ,1196071     ,0.4019645   ,1.1948      ,12362674.5  ,14372497    ,60205514.5  ,62215337    ,120009064.5 ,122018887   
zipf_1.0_0.0.tr     ,2000        ,LRU         ,911500      ,1088500     ,0.45575     ,1.1552      ,11340750.0  ,13619500    ,54880750.0  ,57159500    ,109305750.0 ,111584500   
zipf_1.0_0.0.tr     ,3000        ,LRU         ,975608      ,1024392     ,0.487804    ,1.1637      ,10731724.0  ,13170744    ,51707404.0  ,54146424    ,102927004.0 ,105366024   
zipf_1.0_0.0.tr     ,4000        ,LRU         ,1021367     ,978633      ,0.5106835   ,1.1334      ,10297013.5  ,12850431    ,49442333.5  ,51995751    ,98373983.5  ,100927401   
zipf_1.0_0.0.tr     ,5000        ,LRU         ,1056745     ,943255      ,0.5283725   ,1.1516      ,9960922.5   ,12602785    ,47691122.5  ,50332985    ,94853872.5  ,97495735    
zipf_1.0_0.0.tr     ,6000        ,LRU         ,1085948     ,914052      ,0.542974    ,1.1314      ,9683494.0   ,12398364    ,46245574.0  ,48960444    ,91948174.0  ,94663044    
zipf_1.0_0.0.tr     ,7000        ,LRU         ,1110460     ,889540      ,0.55523     ,1.1365      ,9450630.0   ,12226780    ,45032230.0  ,47808380    ,89509230.0  ,92285380    
zipf_1.0_0.0.tr     ,8000        ,LRU         ,1131723     ,868277      ,0.5658615   ,1.1333      ,9248631.5   ,12077939    ,43979711.5  ,46809019    ,87393561.5  ,90222869    
zipf_1.0_0.0.tr     ,9000        ,LRU         ,1150761     ,849239      ,0.5753805   ,1.1318      ,9067770.5   ,11944673    ,43037330.5  ,45914233    ,85499280.5  ,88376183    
zipf_1.0_0.0.tr     ,10000       ,LRU         ,1167428     ,832572      ,0.583714    ,1.0951      ,8909434.0   ,11828004    ,42212314.0  ,45130884    ,83840914.0  ,86759484    
zipf_1.0_0.0.tr     ,20000       ,LRU         ,1279636     ,720364      ,0.639818    ,1.1441      ,7843458.0   ,11042548    ,36658018.0  ,39857108    ,72676218.0  ,75875308    
zipf_1.0_0.0.tr     ,30000       ,LRU         ,1344595     ,655405      ,0.6722975   ,1.2913      ,7226347.5   ,10587835    ,33442547.5  ,36804035    ,66212797.5  ,69574285    
zipf_1.0_0.0.tr     ,40000       ,LRU         ,1391228     ,608772      ,0.695614    ,1.1666      ,6783334.0   ,10261404    ,31134214.0  ,34612284    ,61572814.0  ,65050884    
zipf_1.0_0.0.tr     ,50000       ,LRU         ,1426656     ,573344      ,0.713328    ,1.1349      ,6446768.0   ,10013408    ,29380528.0  ,32947168    ,58047728.0  ,61614368    
zipf_1.0_0.0.tr     ,60000       ,LRU         ,1455813     ,544187      ,0.7279065   ,1.0931      ,6169776.5   ,9809309     ,27937256.5  ,31576789    ,55146606.5  ,58786139    
zipf_1.0_0.0.tr     ,70000       ,LRU         ,1480143     ,519857      ,0.7400715   ,1.1775      ,5938641.5   ,9638999     ,26732921.5  ,30433279    ,52725771.5  ,56426129    
zipf_1.0_0.0.tr     ,80000       ,LRU         ,1500561     ,499439      ,0.7502805   ,1.2321      ,5744670.5   ,9496073     ,25722230.5  ,29473633    ,50694180.5  ,54445583    
zipf_1.0_0.0.tr     ,90000       ,LRU         ,1518455     ,481545      ,0.7592275   ,1.2922      ,5574677.5   ,9370815     ,24836477.5  ,28632615    ,48913727.5  ,52709865    
zipf_1.0_0.0.tr     ,100000      ,LRU         ,1534004     ,465996      ,0.767002    ,1.3066      ,5426962.0   ,9261972     ,24066802.0  ,27901812    ,47366602.0  ,51201612    
zipf_1.0_0.0.tr     ,200000      ,LRU         ,1624266     ,375734      ,0.812133    ,1.4575      ,4569473.0   ,8630138     ,19598833.0  ,23659498    ,38385533.0  ,42446198    
zipf_1.0_0.0.tr     ,300000      ,LRU         ,1654789     ,345211      ,0.8273945   ,1.9097      ,4279504.5   ,8416477     ,18087944.5  ,22224917    ,35348494.5  ,39485467    
zipf_1.0_0.0.tr     ,400000      ,LRU         ,1657362     ,342638      ,0.828681    ,1.4822      ,4255061.0   ,8398466     ,17960581.0  ,22103986    ,35092481.0  ,39235886    
zipf_1.0_0.0.tr     ,500000      ,LRU         ,1657362     ,342638      ,0.828681    ,1.5511      ,4255061.0   ,8398466     ,17960581.0  ,22103986    ,35092481.0  ,39235886    
zipf_1.0_0.0.tr     ,600000      ,LRU         ,1657362     ,342638      ,0.828681    ,1.59        ,4255061.0   ,8398466     ,17960581.0  ,22103986    ,35092481.0  ,39235886    
zipf_1.0_0.0.tr     ,700000      ,LRU         ,1657362     ,342638      ,0.828681    ,1.1712      ,4255061.0   ,8398466     ,17960581.0  ,22103986    ,35092481.0  ,39235886    
zipf_1.0_0.0.tr     ,800000      ,LRU         ,1657362     ,342638      ,0.828681    ,1.811       ,4255061.0   ,8398466     ,17960581.0  ,22103986    ,35092481.0  ,39235886    
zipf_1.0_0.0.tr     ,900000      ,LRU         ,1657362     ,342638      ,0.828681    ,1.6764      ,4255061.0   ,8398466     ,17960581.0  ,22103986    ,35092481.0  ,39235886    
zipf_1.0_0.0.tr     ,1000000     ,LRU         ,1657362     ,342638      ,0.828681    ,1.0586      ,4255061.0   ,8398466     ,17960581.0  ,22103986    ,35092481.0  ,39235886    
zipf_1.1_0.0.tr     ,1000        ,LRU         ,2000179     ,1999821     ,0.50004475  ,1.0661      ,20998299.5  ,25998747    ,100991139.5 ,105991587   ,200982189.5 ,205982637   
zipf_1.1_0.0.tr     ,2000        ,LRU         ,2210398     ,1789602     ,0.5525995   ,1.1093      ,19001219.0  ,24527214    ,90585299.0  ,96111294    ,180065399.0 ,185591394   
zipf_1.1_0.0.tr     ,3000        ,LRU         ,2331296     ,1668704     ,0.582824    ,1.0157      ,17852688.0  ,23680928    ,84600848.0  ,90429088    ,168036048.0 ,173864288   
zipf_1.1_0.0.tr     ,4000        ,LRU         ,2416135     ,1583865     ,0.60403375  ,1.0063      ,17046717.5  ,23087055    ,80401317.5  ,86441655    ,159594567.5 ,165634905   
zipf_1.1_0.0.tr     ,5000        ,LRU         ,2481071     ,1518929     ,0.62026775  ,1.0246      ,16429825.5  ,22632503    ,77186985.5  ,83389663    ,153133435.5 ,159336113   
zipf_1.1_0.0.tr     ,6000        ,LRU         ,2534098     ,1465902     ,0.6335245   ,0.9929      ,15926069.0  ,22261314    ,74562149.0  ,80897394    ,147857249.0 ,154192494   
zipf_1.1_0.0.tr     ,7000        ,LRU         ,2578496     ,1421504     ,0.644624    ,1.0017      ,15504288.0  ,21950528    ,72364448.0  ,78810688    ,143439648.0 ,149885888   
zipf_1.1_0.0.tr     ,8000        ,LRU         ,2616477     ,1383523     ,0.65411925  ,0.9898      ,15143468.5  ,21684661    ,70484388.5  ,77025581    ,139660538.5 ,146201731   
zipf_1.1_0.0.tr     ,9000        ,LRU         ,2650260     ,1349740     ,0.662565    ,1.0069      ,14822530.0  ,21448180    ,68812130.0  ,75437780    ,136299130.0 ,142924780   
zipf_1.1_0.0.tr     ,10000       ,LRU         ,2679861     ,1320139     ,0.66996525  ,1.0598      ,14541320.5  ,21240973    ,67346880.5  ,74046533    ,133353830.5 ,140053483   
zipf_1.1_0.0.tr     ,20000       ,LRU         ,2875154     ,1124846     ,0.7187885   ,0.9886      ,12686037.0  ,19873922    ,57679877.0  ,64867762    ,113922177.0 ,121110062   
zipf_1.1_0.0.tr     ,30000       ,LRU         ,2986625     ,1013375     ,0.74665625  ,0.9763      ,11627062.5  ,19093625    ,52162062.5  ,59628625    ,102830812.5 ,110297375   
zipf_1.1_0.0.tr     ,40000       ,LRU         ,3065538     ,934462      ,0.7663845   ,0.9977      ,10877389.0  ,18541234    ,48255869.0  ,55919714    ,94978969.0  ,102642814   
zipf_1.1_0.0.tr     ,50000       ,LRU         ,3125555     ,874445      ,0.78138875  ,0.9928      ,10307227.5  ,18121115    ,45285027.5  ,53098915    ,89007277.5  ,96821165    
zipf_1.1_0.0.tr     ,60000       ,LRU         ,3174268     ,825732      ,0.793567    ,0.99        ,9844454.0   ,17780124    ,42873734.0  ,50809404    ,84160334.0  ,92096004    
zipf_1.1_0.0.tr     ,70000       ,LRU         ,3214935     ,785065      ,0.80373375  ,0.9842      ,9458117.5   ,17495455    ,40860717.5  ,48898055    ,80113967.5  ,88151305    
zipf_1.1_0.0.tr     ,80000       ,LRU         ,3249299     ,750701      ,0.81232475  ,1.0028      ,9131659.5   ,17254907    ,39159699.5  ,47282947    ,76694749.5  ,84817997    
zipf_1.1_0.0.tr     ,90000       ,LRU         ,3279514     ,720486      ,0.8198785   ,1.065       ,8844617.0   ,17043402    ,37664057.0  ,45862842    ,73688357.0  ,81887142    
zipf_1.1_0.0.tr     ,100000      ,LRU         ,3306068     ,693932      ,0.826517    ,1.0113      ,8592354.0   ,16857524    ,36349634.0  ,44614804    ,71046234.0  ,79311404    
zipf_1.1_0.0.tr     ,200000      ,LRU         ,3465844     ,534156      ,0.866461    ,1.0184      ,7074482.0   ,15739092    ,28440722.0  ,37105332    ,55148522.0  ,63813132    
zipf_1.1_0.0.tr     ,300000      ,LRU         ,3536397     ,463603      ,0.88409925  ,1.0102      ,6404228.5   ,15245221    ,24948348.5  ,33789341    ,48128498.5  ,56969491    
zipf_1.1_0.0.tr     ,400000      ,LRU         ,3563569     ,436431      ,0.89089225  ,2.2675      ,6146094.5   ,15055017    ,23603334.5  ,32512257    ,45424884.5  ,54333807    
zipf_1.1_0.0.tr     ,500000      ,LRU         ,3565333     ,434667      ,0.89133325  ,0.9974      ,6129336.5   ,15042669    ,23516016.5  ,32429349    ,45249366.5  ,54162699    
zipf_1.1_0.0.tr     ,600000      ,LRU         ,3565333     ,434667      ,0.89133325  ,0.9787      ,6129336.5   ,15042669    ,23516016.5  ,32429349    ,45249366.5  ,54162699    
zipf_1.1_0.0.tr     ,700000      ,LRU         ,3565333     ,434667      ,0.89133325  ,0.9671      ,6129336.5   ,15042669    ,23516016.5  ,32429349    ,45249366.5  ,54162699    
zipf_1.1_0.0.tr     ,800000      ,LRU         ,3565333     ,434667      ,0.89133325  ,0.9725      ,6129336.5   ,15042669    ,23516016.5  ,32429349    ,45249366.5  ,54162699    
zipf_1.1_0.0.tr     ,900000      ,LRU         ,3565333     ,434667      ,0.89133325  ,0.9708      ,6129336.5   ,15042669    ,23516016.5  ,32429349    ,45249366.5  ,54162699    
zipf_1.1_0.0.tr     ,1000000     ,LRU         ,3565333     ,434667      ,0.89133325  ,0.9581      ,6129336.5   ,15042669    ,23516016.5  ,32429349    ,45249366.5  ,54162699    
zipf_1.2_0.0.tr     ,1000        ,LRU         ,3520167     ,2479833     ,0.5866945   ,0.9384      ,26558413.5  ,35358831    ,125751733.5 ,134552151   ,249743383.5 ,258543801   
zipf_1.2_0.0.tr     ,2000        ,LRU         ,3811179     ,2188821     ,0.6351965   ,0.9111      ,23793799.5  ,33321747    ,111346639.5 ,120874587   ,220787689.5 ,230315637   
zipf_1.2_0.0.tr     ,3000        ,LRU         ,3974694     ,2025306     ,0.662449    ,0.9125      ,22240407.0  ,32177142    ,103252647.0 ,113189382   ,204517947.0 ,214454682   
zipf_1.2_0.0.tr     ,4000        ,LRU         ,4087787     ,1912213     ,0.6812978333333334,0.8994      ,21166023.5  ,31385491    ,97654543.5  ,107874011   ,193265193.5 ,203484661   
zipf_1.2_0.0.tr     ,5000        ,LRU         ,4173486     ,1826514     ,0.695581    ,0.9082      ,20351883.0  ,30785598    ,93412443.0  ,103846158   ,184738143.0 ,195171858   
zipf_1.2_0.0.tr     ,6000        ,LRU         ,4242863     ,1757137     ,0.7071438333333333,0.8868      ,19692801.5  ,30299959    ,89978281.5  ,100585439   ,177835131.5 ,188442289   
zipf_1.2_0.0.tr     ,7000        ,LRU         ,4300422     ,1699578     ,0.716737    ,0.8827      ,19145991.0  ,29897046    ,87129111.0  ,97880166    ,172108011.0 ,182859066   
zipf_1.2_0.0.tr     ,8000        ,LRU         ,4349784     ,1650216     ,0.724964    ,0.8838      ,18677052.0  ,29551512    ,84685692.0  ,95560152    ,167196492.0 ,178070952   
zipf_1.2_0.0.tr     ,9000        ,LRU         ,4393176     ,1606824     ,0.732196    ,0.8757      ,18264828.0  ,29247768    ,82537788.0  ,93520728    ,162878988.0 ,173861928   
zipf_1.2_0.0.tr     ,10000       ,LRU         ,4431195     ,1568805     ,0.7385325   ,0.8784      ,17903647.5  ,28981635    ,80655847.5  ,91733835    ,159096097.5 ,170174085   
zipf_1.2_0.0.tr     ,20000       ,LRU         ,4677540     ,1322460     ,0.77959     ,0.88        ,15563370.0  ,27257220    ,68461770.0  ,80155620    ,134584770.0 ,146278620   
zipf_1.2_0.0.tr     ,30000       ,LRU         ,4816599     ,1183401     ,0.8027665   ,0.8943      ,14242309.5  ,26283807    ,61578349.5  ,73619847    ,120748399.5 ,132789897   
zipf_1.2_0.0.tr     ,40000       ,LRU         ,4913178     ,1086822     ,0.818863    ,0.8949      ,13324809.0  ,25607754    ,56797689.0  ,69080634    ,111138789.0 ,123421734   
zipf_1.2_0.0.tr     ,50000       ,LRU         ,4986131     ,1013869     ,0.8310218333333333,0.8775      ,12631755.5  ,25097083    ,53186515.5  ,65651843    ,103879965.5 ,116345293   
zipf_1.2_0.0.tr     ,60000       ,LRU         ,5045309     ,954691      ,0.8408848333333333,0.8908      ,12069564.5  ,24682837    ,50257204.5  ,62870477    ,97991754.5  ,110605027   
zipf_1.2_0.0.tr     ,70000       ,LRU         ,5094621     ,905379      ,0.8491035   ,0.905       ,11601100.5  ,24337653    ,47816260.5  ,60552813    ,93085210.5  ,105821763   
zipf_1.2_0.0.tr     ,80000       ,LRU         ,5136200     ,863800      ,0.8560333333333333,0.9025      ,11206100.0  ,24046600    ,45758100.0  ,58598600    ,88948100.0  ,101788600   
zipf_1.2_0.0.tr     ,90000       ,LRU         ,5172593     ,827407      ,0.8620988333333334,0.8954      ,10860366.5  ,23791849    ,43956646.5  ,56888129    ,85326996.5  ,98258479    
zipf_1.2_0.0.tr     ,100000      ,LRU         ,5204627     ,795373      ,0.8674378333333334,0.8903      ,10556043.5  ,23567611    ,42370963.5  ,55382531    ,82139613.5  ,95151181    
zipf_1.2_0.0.tr     ,200000      ,LRU         ,5397693     ,602307      ,0.8996155   ,0.9039      ,8721916.5   ,22216149    ,32814196.5  ,46308429    ,62929546.5  ,76423779    
zipf_1.2_0.0.tr     ,300000      ,LRU         ,5486396     ,513604      ,0.9143993333333333,0.9039      ,7879238.0   ,21595228    ,28423398.0  ,42139388    ,54103598.0  ,67819588    
zipf_1.2_0.0.tr     ,400000      ,LRU         ,5525983     ,474017      ,0.9209971666666666,0.902       ,7503161.5   ,21318119    ,26463841.5  ,40278799    ,50164691.5  ,63979649    
zipf_1.2_0.0.tr     ,500000      ,LRU         ,5532968     ,467032      ,0.9221613333333334,2.4165      ,7436804.0   ,21269224    ,26118084.0  ,39950504    ,49469684.0  ,63302104    
zipf_1.2_0.0.tr     ,600000      ,LRU         ,5532968     ,467032      ,0.9221613333333334,0.8759      ,7436804.0   ,21269224    ,26118084.0  ,39950504    ,49469684.0  ,63302104    
zipf_1.2_0.0.tr     ,700000      ,LRU         ,5532968     ,467032      ,0.9221613333333334,0.8799      ,7436804.0   ,21269224    ,26118084.0  ,39950504    ,49469684.0  ,63302104    
zipf_1.2_0.0.tr     ,800000      ,LRU         ,5532968     ,467032      ,0.9221613333333334,0.8868      ,7436804.0   ,21269224    ,26118084.0  ,39950504    ,49469684.0  ,63302104    
zipf_1.2_0.0.tr     ,900000      ,LRU         ,5532968     ,467032      ,0.9221613333333334,0.882       ,7436804.0   ,21269224    ,26118084.0  ,39950504    ,49469684.0  ,63302104    
zipf_1.2_0.0.tr     ,1000000     ,LRU         ,5532968     ,467032      ,0.9221613333333334,0.8728      ,7436804.0   ,21269224    ,26118084.0  ,39950504    ,49469684.0  ,63302104    
zipf_1.3_0.0.tr     ,1000        ,LRU         ,5257106     ,2742894     ,0.65713825  ,0.8482      ,30057493.0  ,43200258    ,139773253.0 ,152916018   ,276917953.0 ,290060718   
zipf_1.3_0.0.tr     ,2000        ,LRU         ,5603705     ,2396295     ,0.700463125 ,0.8431      ,26764802.5  ,40774065    ,122616602.5 ,136625865   ,242431352.5 ,256440615   
zipf_1.3_0.0.tr     ,3000        ,LRU         ,5794795     ,2205205     ,0.724349375 ,0.8432      ,24949447.5  ,39436435    ,113157647.5 ,127644635   ,223417897.5 ,237904885   
zipf_1.3_0.0.tr     ,4000        ,LRU         ,5925690     ,2074310     ,0.74071125  ,0.838       ,23705945.0  ,38520170    ,106678345.0 ,121492570   ,210393845.0 ,225208070   
zipf_1.3_0.0.tr     ,5000        ,LRU         ,6024110     ,1975890     ,0.75301375  ,0.8383      ,22770955.0  ,37831230    ,101806555.0 ,116866830   ,200601055.0 ,215661330   
zipf_1.3_0.0.tr     ,6000        ,LRU         ,6103265     ,1896735     ,0.762908125 ,0.8434      ,22018982.5  ,37277145    ,97888382.5  ,113146545   ,192725132.5 ,207983295   
zipf_1.3_0.0.tr     ,7000        ,LRU         ,6168692     ,1831308     ,0.7710865   ,0.8317      ,21397426.0  ,36819156    ,94649746.0  ,110071476   ,186215146.0 ,201636876   
zipf_1.3_0.0.tr     ,8000        ,LRU         ,6224693     ,1775307     ,0.778086625 ,0.8213      ,20865416.5  ,36427149    ,91877696.5  ,107439429   ,180643046.5 ,196204779   
zipf_1.3_0.0.tr     ,9000        ,LRU         ,6273568     ,1726432     ,0.784196    ,0.8283      ,20401104.0  ,36085024    ,89458384.0  ,105142304   ,175779984.0 ,191463904   
zipf_1.3_0.0.tr     ,10000       ,LRU         ,6316457     ,1683543     ,0.789557125 ,0.826       ,19993658.5  ,35784801    ,87335378.5  ,103126521   ,171512528.5 ,187303671   
zipf_1.3_0.0.tr     ,20000       ,LRU         ,6590731     ,1409269     ,0.823841375 ,0.8137      ,17388055.5  ,33864883    ,73758815.5  ,90235643    ,144222265.5 ,160699093   
zipf_1.3_0.0.tr     ,30000       ,LRU         ,6743445     ,1256555     ,0.842930625 ,0.8307      ,15937272.5  ,32795885    ,66199472.5  ,83058085    ,129027222.5 ,145885835   
zipf_1.3_0.0.tr     ,40000       ,LRU         ,6848723     ,1151277     ,0.856090375 ,0.8307      ,14937131.5  ,32058939    ,60988211.5  ,78110019    ,118552061.5 ,135673869   
zipf_1.3_0.0.tr     ,50000       ,LRU         ,6928091     ,1071909     ,0.866011375 ,0.841       ,14183135.5  ,31503363    ,57059495.5  ,74379723    ,110654945.5 ,127975173   
zipf_1.3_0.0.tr     ,60000       ,LRU         ,6991968     ,1008032     ,0.873996    ,0.826       ,13576304.0  ,31056224    ,53897584.0  ,71377504    ,104299184.0 ,121779104   
zipf_1.3_0.0.tr     ,70000       ,LRU         ,7045271     ,954729      ,0.880658875 ,0.8409      ,13069925.5  ,30683103    ,51259085.5  ,68872263    ,98995535.5  ,116608713   
zipf_1.3_0.0.tr     ,80000       ,LRU         ,7089981     ,910019      ,0.886247625 ,0.8323      ,12645180.5  ,30370133    ,49045940.5  ,66770893    ,94546890.5  ,112271843   
zipf_1.3_0.0.tr     ,90000       ,LRU         ,7129205     ,870795      ,0.891150625 ,0.8451      ,12272552.5  ,30095565    ,47104352.5  ,64927365    ,90644102.5  ,108467115   
zipf_1.3_0.0.tr     ,100000      ,LRU         ,7163647     ,836353      ,0.895455875 ,0.8438      ,11945353.5  ,29854471    ,45399473.5  ,63308591    ,87217123.5  ,105126241   
zipf_1.3_0.0.tr     ,200000      ,LRU         ,7371291     ,628709      ,0.921411375 ,0.8295      ,9972735.5   ,28400963    ,35121095.5  ,53549323    ,66556545.5  ,84984773    
zipf_1.3_0.0.tr     ,300000      ,LRU         ,7467500     ,532500      ,0.9334375   ,0.8438      ,9058750.0   ,27727500    ,30358750.0  ,49027500    ,56983750.0  ,75652500    
zipf_1.3_0.0.tr     ,400000      ,LRU         ,7511935     ,488065      ,0.938991875 ,0.8442      ,8636617.5   ,27416455    ,28159217.5  ,46939055    ,52562467.5  ,71342305    
zipf_1.3_0.0.tr     ,500000      ,LRU         ,7521653     ,478347      ,0.940206625 ,1.1441      ,8544296.5   ,27348429    ,27678176.5  ,46482309    ,51595526.5  ,70399659    
zipf_1.3_0.0.tr     ,600000      ,LRU         ,7521653     ,478347      ,0.940206625 ,0.8155      ,8544296.5   ,27348429    ,27678176.5  ,46482309    ,51595526.5  ,70399659    
zipf_1.3_0.0.tr     ,700000      ,LRU         ,7521653     ,478347      ,0.940206625 ,0.8177      ,8544296.5   ,27348429    ,27678176.5  ,46482309    ,51595526.5  ,70399659    
zipf_1.3_0.0.tr     ,800000      ,LRU         ,7521653     ,478347      ,0.940206625 ,0.8286      ,8544296.5   ,27348429    ,27678176.5  ,46482309    ,51595526.5  ,70399659    
zipf_1.3_0.0.tr     ,900000      ,LRU         ,7521653     ,478347      ,0.940206625 ,0.8245      ,8544296.5   ,27348429    ,27678176.5  ,46482309    ,51595526.5  ,70399659    
zipf_1.3_0.0.tr     ,1000000     ,LRU         ,7521653     ,478347      ,0.940206625 ,0.8237      ,8544296.5   ,27348429    ,27678176.5  ,46482309    ,51595526.5  ,70399659    
zipf_1.4_0.0.tr     ,1000        ,LRU         ,7119758     ,2880242     ,0.7119758   ,0.7971      ,32362299.0  ,50161694    ,147571979.0 ,165371374   ,291584079.0 ,309383474   
zipf_1.4_0.0.tr     ,2000        ,LRU         ,7501770     ,2498230     ,0.750177    ,0.7891      ,28733185.0  ,47487610    ,128662385.0 ,147416810   ,253573885.0 ,272328310   
zipf_1.4_0.0.tr     ,3000        ,LRU         ,7709358     ,2290642     ,0.7709358   ,0.7915      ,26761099.0  ,46034494    ,118386779.0 ,137660174   ,232918879.0 ,252192274   
zipf_1.4_0.0.tr     ,4000        ,LRU         ,7850380     ,2149620     ,0.785038    ,0.7932      ,25421390.0  ,45047340    ,111406190.0 ,131032140   ,218887190.0 ,238513140   
zipf_1.4_0.0.tr     ,5000        ,LRU         ,7955776     ,2044224     ,0.7955776   ,0.8037      ,24420128.0  ,44309568    ,106189088.0 ,126078528   ,208400288.0 ,228289728   
zipf_1.4_0.0.tr     ,6000        ,LRU         ,8040174     ,1959826     ,0.8040174   ,0.8101      ,23618347.0  ,43718782    ,102011387.0 ,122111822   ,200002687.0 ,220103122   
zipf_1.4_0.0.tr     ,7000        ,LRU         ,8109726     ,1890274     ,0.8109726   ,0.7975      ,22957603.0  ,43231918    ,98568563.0  ,118842878   ,193082263.0 ,213356578   
zipf_1.4_0.0.tr     ,8000        ,LRU         ,8169219     ,1830781     ,0.8169219   ,0.8011      ,22392419.5  ,42815467    ,95623659.5  ,116046707   ,187162709.5 ,207585757   
zipf_1.4_0.0.tr     ,9000        ,LRU         ,8221011     ,1778989     ,0.8221011   ,0.7891      ,21900395.5  ,42452923    ,93059955.5  ,113612483   ,182009405.5 ,202561933   
zipf_1.4_0.0.tr     ,10000       ,LRU         ,8266408     ,1733592     ,0.8266408   ,0.7978      ,21469124.0  ,42135144    ,90812804.0  ,111478824   ,177492404.0 ,198158424   
zipf_1.4_0.0.tr     ,20000       ,LRU         ,8554654     ,1445346     ,0.8554654   ,0.7831      ,18730787.0  ,40117422    ,76544627.0  ,97931262    ,148811927.0 ,170198562   
zipf_1.4_0.0.tr     ,30000       ,LRU         ,8713792     ,1286208     ,0.8713792   ,0.7899      ,17218976.0  ,39003456    ,68667296.0  ,90451776    ,132977696.0 ,154762176   
zipf_1.4_0.0.tr     ,40000       ,LRU         ,8823083     ,1176917     ,0.8823083   ,0.7913      ,16180711.5  ,38238419    ,63257391.5  ,85315099    ,122103241.5 ,144160949   
zipf_1.4_0.0.tr     ,50000       ,LRU         ,8905130     ,1094870     ,0.890513    ,0.7969      ,15401265.0  ,37664090    ,59196065.0  ,81458890    ,113939565.0 ,136202390   
zipf_1.4_0.0.tr     ,60000       ,LRU         ,8971271     ,1028729     ,0.8971271   ,0.799       ,14772925.5  ,37201103    ,55922085.5  ,78350263    ,107358535.5 ,129786713   
zipf_1.4_0.0.tr     ,70000       ,LRU         ,9026413     ,973587      ,0.9026413   ,0.824       ,14249076.5  ,36815109    ,53192556.5  ,75758589    ,101871906.5 ,124437939   
zipf_1.4_0.0.tr     ,80000       ,LRU         ,9072520     ,927480      ,0.907252    ,0.7977      ,13811060.0  ,36492360    ,50910260.0  ,73591560    ,97284260.0  ,119965560   
zipf_1.4_0.0.tr     ,90000       ,LRU         ,9112783     ,887217      ,0.9112783   ,0.7963      ,13428561.5  ,36210519    ,48917241.5  ,71699199    ,93278091.5  ,116060049   
zipf_1.4_0.0.tr     ,100000      ,LRU         ,9148143     ,851857      ,0.9148143   ,0.808       ,13092641.5  ,35962999    ,47166921.5  ,70037279    ,89759771.5  ,112630129   
zipf_1.4_0.0.tr     ,200000      ,LRU         ,9361579     ,638421      ,0.9361579   ,0.7921      ,11064999.5  ,34468947    ,36601839.5  ,60005787    ,68522889.5  ,91926837    
zipf_1.4_0.0.tr     ,300000      ,LRU         ,9460772     ,539228      ,0.9460772   ,0.8042      ,10122666.0  ,33774596    ,31691786.0  ,55343716    ,58653186.0  ,82305116    
zipf_1.4_0.0.tr     ,400000      ,LRU         ,9507025     ,492975      ,0.9507025   ,0.7934      ,9683262.5   ,33450825    ,29402262.5  ,53169825    ,54051012.5  ,77818575    
zipf_1.4_0.0.tr     ,500000      ,LRU         ,9517849     ,482151      ,0.9517849   ,0.8546      ,9580434.5   ,33375057    ,28866474.5  ,52661097    ,52974024.5  ,76768647    
zipf_1.4_0.0.tr     ,600000      ,LRU         ,9517849     ,482151      ,0.9517849   ,0.7874      ,9580434.5   ,33375057    ,28866474.5  ,52661097    ,52974024.5  ,76768647    
zipf_1.4_0.0.tr     ,700000      ,LRU         ,9517849     ,482151      ,0.9517849   ,0.8825      ,9580434.5   ,33375057    ,28866474.5  ,52661097    ,52974024.5  ,76768647    
zipf_1.4_0.0.tr     ,800000      ,LRU         ,9517849     ,482151      ,0.9517849   ,0.7902      ,9580434.5   ,33375057    ,28866474.5  ,52661097    ,52974024.5  ,76768647    
zipf_1.4_0.0.tr     ,900000      ,LRU         ,9517849     ,482151      ,0.9517849   ,0.7912      ,9580434.5   ,33375057    ,28866474.5  ,52661097    ,52974024.5  ,76768647    
zipf_1.4_0.0.tr     ,1000000     ,LRU         ,9517849     ,482151      ,0.9517849   ,0.78        ,9580434.5   ,33375057    ,28866474.5  ,52661097    ,52974024.5  ,76768647    
zipf_1.5_0.0.tr     ,1000        ,LRU         ,9051291     ,2948709     ,0.75427425  ,0.7734      ,34012735.5  ,56640963    ,151961095.5 ,174589323   ,299396545.5 ,322024773   
zipf_1.5_0.0.tr     ,2000        ,LRU         ,9453739     ,2546261     ,0.7878115833333333,0.7781      ,30189479.5  ,53823827    ,132039919.5 ,155674267   ,259352969.5 ,282987317   
zipf_1.5_0.0.tr     ,3000        ,LRU         ,9670356     ,2329644     ,0.805863    ,0.7733      ,28131618.0  ,52307508    ,121317378.0 ,145493268   ,237799578.0 ,261975468   
zipf_1.5_0.0.tr     ,4000        ,LRU         ,9816762     ,2183238     ,0.8180635   ,0.7552      ,26740761.0  ,51282666    ,114070281.0 ,138612186   ,223232181.0 ,247774086   
zipf_1.5_0.0.tr     ,5000        ,LRU         ,9925893     ,2074107     ,0.82715775  ,0.7715      ,25704016.5  ,50518749    ,108668296.5 ,133483029   ,212373646.5 ,237188379   
zipf_1.5_0.0.tr     ,6000        ,LRU         ,10013032    ,1986968     ,0.8344193333333333,0.7671      ,24876196.0  ,49908776    ,104354916.0 ,129387496   ,203703316.0 ,228735896   
zipf_1.5_0.0.tr     ,7000        ,LRU         ,10084668    ,1915332     ,0.840389    ,0.7604      ,24195654.0  ,49407324    ,100808934.0 ,126020604   ,196575534.0 ,221787204   
zipf_1.5_0.0.tr     ,8000        ,LRU         ,10145904    ,1854096     ,0.845492    ,0.7649      ,23613912.0  ,48978672    ,97777752.0  ,123142512   ,190482552.0 ,215847312   
zipf_1.5_0.0.tr     ,9000        ,LRU         ,10199195    ,1800805     ,0.8499329166666667,0.774       ,23107647.5  ,48605635    ,95139847.5  ,120637835   ,185180097.5 ,210678085   
zipf_1.5_0.0.tr     ,10000       ,LRU         ,10245817    ,1754183     ,0.8538180833333333,0.7663      ,22664738.5  ,48279281    ,92832058.5  ,118446601   ,180541208.5 ,206155751   
zipf_1.5_0.0.tr     ,20000       ,LRU         ,10540533    ,1459467     ,0.87837775  ,0.767       ,19864936.5  ,46216269    ,78243616.5  ,104594949   ,151216966.5 ,177568299   
zipf_1.5_0.0.tr     ,30000       ,LRU         ,10702486    ,1297514     ,0.8918738333333334,0.7768      ,18326383.0  ,45082598    ,70226943.0  ,96983158    ,135102643.0 ,161858858   
zipf_1.5_0.0.tr     ,40000       ,LRU         ,10813532    ,1186468     ,0.9011276666666667,0.7772      ,17271446.0  ,44305276    ,64730166.0  ,91763996    ,124053566.0 ,151087396   
zipf_1.5_0.0.tr     ,50000       ,LRU         ,10896659    ,1103341     ,0.9080549166666667,0.7762      ,16481739.5  ,43723387    ,60615379.5  ,87857027    ,115782429.5 ,143024077   
zipf_1.5_0.0.tr     ,60000       ,LRU         ,10963616    ,1036384     ,0.9136346666666667,0.7715      ,15845648.0  ,43254688    ,57301008.0  ,84710048    ,109120208.0 ,136529248   
zipf_1.5_0.0.tr     ,70000       ,LRU         ,11019443    ,980557      ,0.9182869166666666,0.7793      ,15315291.5  ,42863899    ,54537571.5  ,82086179    ,103565421.5 ,131114029   
zipf_1.5_0.0.tr     ,80000       ,LRU         ,11066160    ,933840      ,0.92218     ,0.7843      ,14871480.0  ,42536880    ,52225080.0  ,79890480    ,98917080.0  ,126582480   
zipf_1.5_0.0.tr     ,90000       ,LRU         ,11106885    ,893115      ,0.92557375  ,0.7722      ,14484592.5  ,42251805    ,50209192.5  ,77976405    ,94864942.5  ,122632155   
zipf_1.5_0.0.tr     ,100000      ,LRU         ,11142620    ,857380      ,0.9285516666666667,0.7809      ,14145110.0  ,42001660    ,48440310.0  ,76296860    ,91309310.0  ,119165860   
zipf_1.5_0.0.tr     ,200000      ,LRU         ,11358256    ,641744      ,0.9465213333333333,0.7739      ,12096568.0  ,40492208    ,37766328.0  ,66161968    ,69853528.0  ,98249168    
zipf_1.5_0.0.tr     ,300000      ,LRU         ,11458472    ,541528      ,0.9548726666666667,0.7751      ,11144516.0  ,39790696    ,32805636.0  ,61451816    ,59882036.0  ,88528216    
zipf_1.5_0.0.tr     ,400000      ,LRU         ,11505383    ,494617      ,0.9587819166666667,0.7658      ,10698861.5  ,39462319    ,30483541.5  ,59246999    ,55214391.5  ,83977849    
zipf_1.5_0.0.tr     ,500000      ,LRU         ,11516622    ,483378      ,0.9597185   ,0.7989      ,10592091.0  ,39383646    ,29927211.0  ,58718766    ,54096111.0  ,82887666    
zipf_1.5_0.0.tr     ,600000      ,LRU         ,11516622    ,483378      ,0.9597185   ,1.9561      ,10592091.0  ,39383646    ,29927211.0  ,58718766    ,54096111.0  ,82887666    
zipf_1.5_0.0.tr     ,700000      ,LRU         ,11516622    ,483378      ,0.9597185   ,0.764       ,10592091.0  ,39383646    ,29927211.0  ,58718766    ,54096111.0  ,82887666    
zipf_1.5_0.0.tr     ,800000      ,LRU         ,11516622    ,483378      ,0.9597185   ,0.7622      ,10592091.0  ,39383646    ,29927211.0  ,58718766    ,54096111.0  ,82887666    
zipf_1.5_0.0.tr     ,900000      ,LRU         ,11516622    ,483378      ,0.9597185   ,0.7633      ,10592091.0  ,39383646    ,29927211.0  ,58718766    ,54096111.0  ,82887666    
zipf_1.5_0.0.tr     ,1000000     ,LRU         ,11516622    ,483378      ,0.9597185   ,0.7682      ,10592091.0  ,39383646    ,29927211.0  ,58718766    ,54096111.0  ,82887666    
zipf_1.6_0.0.tr     ,1000        ,LRU         ,11017175    ,2982825     ,0.7869410714285714,0.7623      ,35336837.5  ,62879775    ,154649837.5 ,182192775   ,303791087.5 ,331334025   
zipf_1.6_0.0.tr     ,2000        ,LRU         ,11431215    ,2568785     ,0.8165153571428572,0.7582      ,31403457.5  ,59981495    ,134154857.5 ,162732895   ,262594107.5 ,291172145   
zipf_1.6_0.0.tr     ,3000        ,LRU         ,11652744    ,2347256     ,0.8323388571428572,0.7574      ,29298932.0  ,58430792    ,123189172.0 ,152321032   ,240551972.0 ,269683832   
zipf_1.6_0.0.tr     ,4000        ,LRU         ,11802000    ,2198000     ,0.843       ,0.7573      ,27881000.0  ,57386000    ,115801000.0 ,145306000   ,225701000.0 ,255206000   
zipf_1.6_0.0.tr     ,5000        ,LRU         ,11913016    ,2086984     ,0.8509297142857143,0.7655      ,26826348.0  ,56608888    ,110305708.0 ,140088248   ,214654908.0 ,244437448   
zipf_1.6_0.0.tr     ,6000        ,LRU         ,12001559    ,1998441     ,0.8572542142857142,0.7591      ,25985189.5  ,55989087    ,105922829.5 ,135926727   ,205844879.5 ,235848777   
zipf_1.6_0.0.tr     ,7000        ,LRU         ,12074241    ,1925759     ,0.8624457857142858,0.7543      ,25294710.5  ,55480313    ,102325070.5 ,132510673   ,198613020.5 ,228798623   
zipf_1.6_0.0.tr     ,8000        ,LRU         ,12136341    ,1863659     ,0.8668815   ,0.7542      ,24704760.5  ,55045613    ,99251120.5  ,129591973   ,192434070.5 ,222774923   
zipf_1.6_0.0.tr     ,9000        ,LRU         ,12190270    ,1809730     ,0.8707335714285714,0.749       ,24192435.0  ,54668110    ,96581635.0  ,127057310   ,187068135.0 ,217543810   
zipf_1.6_0.0.tr     ,10000       ,LRU         ,12237460    ,1762540     ,0.8741042857142857,0.766       ,23744130.0  ,54337780    ,94245730.0  ,124839380   ,182372730.0 ,212966380   
zipf_1.6_0.0.tr     ,20000       ,LRU         ,12535070    ,1464930     ,0.8953621428571429,0.7504      ,20916835.0  ,52254510    ,79514035.0  ,110851710   ,152760535.0 ,184098210   
zipf_1.6_0.0.tr     ,30000       ,LRU         ,12698246    ,1301754     ,0.9070175714285714,0.7588      ,19366663.0  ,51112278    ,71436823.0  ,103182438   ,136524523.0 ,168270138   
zipf_1.6_0.0.tr     ,40000       ,LRU         ,12809949    ,1190051     ,0.9149963571428571,0.7658      ,18305484.5  ,50330357    ,65907524.5  ,97932397    ,125410074.5 ,157434947   
zipf_1.6_0.0.tr     ,50000       ,LRU         ,12893559    ,1106441     ,0.9209685   ,0.7554      ,17511189.5  ,49745087    ,61768829.5  ,94002727    ,117090879.5 ,149324777   
zipf_1.6_0.0.tr     ,60000       ,LRU         ,12960856    ,1039144     ,0.9257754285714286,0.7415      ,16871868.0  ,49274008    ,58437628.0  ,90839768    ,110394828.0 ,142796968   
zipf_1.6_0.0.tr     ,70000       ,LRU         ,13016962    ,983038      ,0.929783    ,0.7643      ,16338861.0  ,48881266    ,55660381.0  ,88202786    ,104812281.0 ,137354686   
zipf_1.6_0.0.tr     ,80000       ,LRU         ,13063907    ,936093      ,0.9331362142857142,0.7702      ,15892883.5  ,48552651    ,53336603.5  ,85996371    ,100141253.5 ,132801021   
zipf_1.6_0.0.tr     ,90000       ,LRU         ,13104832    ,895168      ,0.9360594285714285,0.7735      ,15504096.0  ,48266176    ,51310816.0  ,84072896    ,96069216.0  ,128831296   
zipf_1.6_0.0.tr     ,100000      ,LRU         ,13140711    ,859289      ,0.9386222142857142,0.7605      ,15163245.5  ,48015023    ,49534805.5  ,82386583    ,92499255.5  ,125351033   
zipf_1.6_0.0.tr     ,200000      ,LRU         ,13357172    ,642828      ,0.9540837142857143,0.7686      ,13106866.0  ,46499796    ,38819986.0  ,72212916    ,70961386.0  ,104354316   
zipf_1.6_0.0.tr     ,300000      ,LRU         ,13457755    ,542245      ,0.9612682142857143,0.7648      ,12151327.5  ,45795715    ,33841127.5  ,67485515    ,60953377.5  ,94597765    
zipf_1.6_0.0.tr     ,400000      ,LRU         ,13504881    ,495119      ,0.9646343571428572,0.7702      ,11703630.5  ,45465833    ,31508390.5  ,65270593    ,56264340.5  ,90026543    
zipf_1.6_0.0.tr     ,500000      ,LRU         ,13516244    ,483756      ,0.965446    ,0.7461      ,11595682.0  ,45386292    ,30945922.0  ,64736532    ,55133722.0  ,88924332    
zipf_1.6_0.0.tr     ,600000      ,LRU         ,13516244    ,483756      ,0.965446    ,0.7697      ,11595682.0  ,45386292    ,30945922.0  ,64736532    ,55133722.0  ,88924332    
zipf_1.6_0.0.tr     ,700000      ,LRU         ,13516244    ,483756      ,0.965446    ,0.7492      ,11595682.0  ,45386292    ,30945922.0  ,64736532    ,55133722.0  ,88924332    
zipf_1.6_0.0.tr     ,800000      ,LRU         ,13516244    ,483756      ,0.965446    ,0.7541      ,11595682.0  ,45386292    ,30945922.0  ,64736532    ,55133722.0  ,88924332    
zipf_1.6_0.0.tr     ,900000      ,LRU         ,13516244    ,483756      ,0.965446    ,0.7404      ,11595682.0  ,45386292    ,30945922.0  ,64736532    ,55133722.0  ,88924332    
zipf_1.6_0.0.tr     ,1000000     ,LRU         ,13516244    ,483756      ,0.965446    ,0.744       ,11595682.0  ,45386292    ,30945922.0  ,64736532    ,55133722.0  ,88924332    
zipf_1.7_0.0.tr     ,1000        ,LRU         ,13000933    ,2999067     ,0.8125583125,0.7547      ,36491136.5  ,68993469    ,156453816.5 ,188956149   ,306407166.5 ,338909499   
zipf_1.7_0.0.tr     ,2000        ,LRU         ,13421257    ,2578743     ,0.8388285625,0.7457      ,32498058.5  ,66051201    ,135647778.5 ,169200921   ,264584928.5 ,298138071   
zipf_1.7_0.0.tr     ,3000        ,LRU         ,13645360    ,2354640     ,0.852835    ,0.7424      ,30369080.0  ,64482480    ,124554680.0 ,158668080   ,242286680.0 ,276400080   
zipf_1.7_0.0.tr     ,4000        ,LRU         ,13795935    ,2204065     ,0.8622459375,0.7514      ,28938617.5  ,63428455    ,117101217.5 ,151591055   ,227304467.5 ,261794305   
zipf_1.7_0.0.tr     ,5000        ,LRU         ,13907819    ,2092181     ,0.8692386875,0.7506      ,27875719.5  ,62645267    ,111562959.5 ,146332507   ,216172009.5 ,250941557   
zipf_1.7_0.0.tr     ,6000        ,LRU         ,13996953    ,2003047     ,0.8748095625,0.7523      ,27028946.5  ,62021329    ,107150826.5 ,142143209   ,207303176.5 ,242295559   
zipf_1.7_0.0.tr     ,7000        ,LRU         ,14070055    ,1929945     ,0.8793784375,0.7343      ,26334477.5  ,61509615    ,103532277.5 ,138707415   ,200029527.5 ,235204665   
zipf_1.7_0.0.tr     ,8000        ,LRU         ,14132515    ,1867485     ,0.8832821875,0.7485      ,25741107.5  ,61072395    ,100440507.5 ,135771795   ,193814757.5 ,229146045   
zipf_1.7_0.0.tr     ,9000        ,LRU         ,14186755    ,1813245     ,0.8866721875,0.7563      ,25225827.5  ,60692715    ,97755627.5  ,133222515   ,188417877.5 ,223884765   
zipf_1.7_0.0.tr     ,10000       ,LRU         ,14234184    ,1765816     ,0.8896365   ,0.7429      ,24775252.0  ,60360712    ,95407892.0  ,130993352   ,183698692.0 ,219284152   
zipf_1.7_0.0.tr     ,20000       ,LRU         ,14533033    ,1466967     ,0.9083145625,0.7523      ,21936186.5  ,58268769    ,80614866.5  ,116947449   ,153963216.5 ,190295799   
zipf_1.7_0.0.tr     ,30000       ,LRU         ,14696725    ,1303275     ,0.9185453125,0.7618      ,20381112.5  ,57122925    ,72512112.5  ,109253925   ,137675862.5 ,174417675   
zipf_1.7_0.0.tr     ,40000       ,LRU         ,14808695    ,1191305     ,0.9255434375,0.7497      ,19317397.5  ,56339135    ,66969597.5  ,103991335   ,126534847.5 ,163556585   
zipf_1.7_0.0.tr     ,50000       ,LRU         ,14892515    ,1107485     ,0.9307821875,0.7391      ,18521107.5  ,55752395    ,62820507.5  ,100051795   ,118194757.5 ,155426045   
zipf_1.7_0.0.tr     ,60000       ,LRU         ,14959941    ,1040059     ,0.9349963125,0.7422      ,17880560.5  ,55280413    ,59482920.5  ,96882773    ,111485870.5 ,148885723   
zipf_1.7_0.0.tr     ,70000       ,LRU         ,15016129    ,983871      ,0.9385080625,0.7501      ,17346774.5  ,54887097    ,56701614.5  ,94241937    ,105895164.5 ,143435487   
zipf_1.7_0.0.tr     ,80000       ,LRU         ,15063147    ,936853      ,0.9414466875,0.7523      ,16900103.5  ,54557971    ,54374223.5  ,92032091    ,101216873.5 ,138874741   
zipf_1.7_0.0.tr     ,90000       ,LRU         ,15104137    ,895863      ,0.9440085625,0.7551      ,16510698.5  ,54271041    ,52345218.5  ,90105561    ,97138368.5  ,134898711   
zipf_1.7_0.0.tr     ,100000      ,LRU         ,15140082    ,859918      ,0.946255125 ,0.7533      ,16169221.0  ,54019426    ,50565941.0  ,88416146    ,93561841.0  ,131412046   
zipf_1.7_0.0.tr     ,200000      ,LRU         ,15356814    ,643186      ,0.959800875 ,0.7512      ,14110267.0  ,52502302    ,39837707.0  ,78229742    ,71997007.0  ,110389042   
zipf_1.7_0.0.tr     ,300000      ,LRU         ,15457512    ,542488      ,0.9660945   ,0.7524      ,13153636.0  ,51797416    ,34853156.0  ,73496936    ,61977556.0  ,100621336   
zipf_1.7_0.0.tr     ,400000      ,LRU         ,15504711    ,495289      ,0.9690444375,0.7502      ,12705245.5  ,51467023    ,32516805.5  ,71278583    ,57281255.5  ,96043033    
zipf_1.7_0.0.tr     ,500000      ,LRU         ,15516117    ,483883      ,0.9697573125,0.7382      ,12596888.5  ,51387181    ,31952208.5  ,70742501    ,56146358.5  ,94936651    
zipf_1.7_0.0.tr     ,600000      ,LRU         ,15516117    ,483883      ,0.9697573125,0.7437      ,12596888.5  ,51387181    ,31952208.5  ,70742501    ,56146358.5  ,94936651    
zipf_1.7_0.0.tr     ,700000      ,LRU         ,15516117    ,483883      ,0.9697573125,0.7366      ,12596888.5  ,51387181    ,31952208.5  ,70742501    ,56146358.5  ,94936651    
zipf_1.7_0.0.tr     ,800000      ,LRU         ,15516117    ,483883      ,0.9697573125,0.7491      ,12596888.5  ,51387181    ,31952208.5  ,70742501    ,56146358.5  ,94936651    
zipf_1.7_0.0.tr     ,900000      ,LRU         ,15516117    ,483883      ,0.9697573125,0.7297      ,12596888.5  ,51387181    ,31952208.5  ,70742501    ,56146358.5  ,94936651    
zipf_1.7_0.0.tr     ,1000000     ,LRU         ,15516117    ,483883      ,0.9697573125,0.7239      ,12596888.5  ,51387181    ,31952208.5  ,70742501    ,56146358.5  ,94936651    
zipf_1.8_0.0.tr     ,1000        ,LRU         ,14992942    ,3007058     ,0.8329412222222222,0.745       ,37567051.0  ,75049406    ,157849371.0 ,195331726   ,308202271.0 ,345684626   
zipf_1.8_0.0.tr     ,2000        ,LRU         ,15416702    ,2583298     ,0.8564834444444445,0.7378      ,33541331.0  ,72083086    ,136873251.0 ,175415006   ,266038151.0 ,304579906   
zipf_1.8_0.0.tr     ,3000        ,LRU         ,15642024    ,2357976     ,0.8690013333333333,0.7393      ,31400772.0  ,70505832    ,125719812.0 ,164824872   ,243618612.0 ,282723672   
zipf_1.8_0.0.tr     ,4000        ,LRU         ,15793253    ,2206747     ,0.8774029444444444,0.75        ,29964096.5  ,69447229    ,118233976.5 ,157717109   ,228571326.5 ,268054459   
zipf_1.8_0.0.tr     ,5000        ,LRU         ,15905552    ,2094448     ,0.8836417777777777,0.7492      ,28897256.0  ,68661136    ,112675176.0 ,152439056   ,217397576.0 ,257161456   
zipf_1.8_0.0.tr     ,6000        ,LRU         ,15994991    ,2005009     ,0.8886106111111111,0.7439      ,28047585.5  ,68035063    ,108247945.5 ,148235423   ,208498395.5 ,248485873   
zipf_1.8_0.0.tr     ,7000        ,LRU         ,16068322    ,1931678     ,0.8926845555555556,0.7393      ,27350941.0  ,67521746    ,104618061.0 ,144788866   ,201201961.0 ,241372766   
zipf_1.8_0.0.tr     ,8000        ,LRU         ,16130958    ,1869042     ,0.8961643333333333,0.7277      ,26755899.0  ,67083294    ,101517579.0 ,141844974   ,194969679.0 ,235297074   
zipf_1.8_0.0.tr     ,9000        ,LRU         ,16185317    ,1814683     ,0.8991842777777778,0.7389      ,26239488.5  ,66702781    ,98826808.5  ,139290101   ,189560958.5 ,230024251   
zipf_1.8_0.0.tr     ,10000       ,LRU         ,16232860    ,1767140     ,0.9018255555555555,0.7266      ,25787830.0  ,66369980    ,96473430.0  ,137055580   ,184830430.0 ,225412580   
zipf_1.8_0.0.tr     ,20000       ,LRU         ,16532188    ,1467812     ,0.9184548888888889,0.7322      ,22944214.0  ,64274684    ,81656694.0  ,122987164   ,155047294.0 ,196377764   
zipf_1.8_0.0.tr     ,30000       ,LRU         ,16696111    ,1303889     ,0.9275617222222222,0.7427      ,21386945.5  ,63127223    ,73542505.5  ,115282783   ,138736955.5 ,180477233   
zipf_1.8_0.0.tr     ,40000       ,LRU         ,16808183    ,1191817     ,0.9337879444444445,0.7431      ,20322261.5  ,62342719    ,67994941.5  ,110015399   ,127585791.5 ,169606249   
zipf_1.8_0.0.tr     ,50000       ,LRU         ,16892094    ,1107906     ,0.9384496666666666,0.7403      ,19525107.0  ,61755342    ,63841347.0  ,106071582   ,119236647.0 ,161466882   
zipf_1.8_0.0.tr     ,60000       ,LRU         ,16959550    ,1040450     ,0.9421972222222222,0.743       ,18884275.0  ,61283150    ,60502275.0  ,102901150   ,112524775.0 ,154923650   
zipf_1.8_0.0.tr     ,70000       ,LRU         ,17015775    ,984225      ,0.9453208333333334,0.7367      ,18350137.5  ,60889575    ,57719137.5  ,100258575   ,106930387.5 ,149469825   
zipf_1.8_0.0.tr     ,80000       ,LRU         ,17062826    ,937174      ,0.9479347777777778,0.738       ,17903153.0  ,60560218    ,55390113.0  ,98047178    ,102248813.0 ,144905878   
zipf_1.8_0.0.tr     ,90000       ,LRU         ,17103845    ,896155      ,0.9502136111111111,0.742       ,17513472.5  ,60273085    ,53359672.5  ,96119285    ,98167422.5  ,140927035   
zipf_1.8_0.0.tr     ,100000      ,LRU         ,17139812    ,860188      ,0.9522117777777778,0.7516      ,17171786.0  ,60021316    ,51579306.0  ,94428836    ,94588706.0  ,137438236   
zipf_1.8_0.0.tr     ,200000      ,LRU         ,17356689    ,643311      ,0.9642605   ,0.7353      ,15111454.5  ,58503177    ,40843894.5  ,84235617    ,73009444.5  ,116401167   
zipf_1.8_0.0.tr     ,300000      ,LRU         ,17457439    ,542561      ,0.9698577222222222,0.7291      ,14154329.5  ,57797927    ,35856769.5  ,79500367    ,62984819.5  ,106628417   
zipf_1.8_0.0.tr     ,400000      ,LRU         ,17504658    ,495342      ,0.972481    ,0.7338      ,13705749.0  ,57467394    ,33519429.0  ,77281074    ,58286529.0  ,102048174   
zipf_1.8_0.0.tr     ,500000      ,LRU         ,17516078    ,483922      ,0.9731154444444444,0.7228      ,13597259.0  ,57387454    ,32954139.0  ,76744334    ,57150239.0  ,100940434   
zipf_1.8_0.0.tr     ,600000      ,LRU         ,17516078    ,483922      ,0.9731154444444444,0.7254      ,13597259.0  ,57387454    ,32954139.0  ,76744334    ,57150239.0  ,100940434   
zipf_1.8_0.0.tr     ,700000      ,LRU         ,17516078    ,483922      ,0.9731154444444444,0.7335      ,13597259.0  ,57387454    ,32954139.0  ,76744334    ,57150239.0  ,100940434   
zipf_1.8_0.0.tr     ,800000      ,LRU         ,17516078    ,483922      ,0.9731154444444444,0.7327      ,13597259.0  ,57387454    ,32954139.0  ,76744334    ,57150239.0  ,100940434   
zipf_1.8_0.0.tr     ,900000      ,LRU         ,17516078    ,483922      ,0.9731154444444444,0.7246      ,13597259.0  ,57387454    ,32954139.0  ,76744334    ,57150239.0  ,100940434   
zipf_1.8_0.0.tr     ,1000000     ,LRU         ,17516078    ,483922      ,0.9731154444444444,0.7248      ,13597259.0  ,57387454    ,32954139.0  ,76744334    ,57150239.0  ,100940434   
zipf_1.9_0.0.tr     ,1000        ,LRU         ,16988924    ,3011076     ,0.8494462   ,0.7432      ,38605222.0  ,81077532    ,159048262.0 ,201520572   ,309602062.0 ,352074372   
zipf_1.9_0.0.tr     ,2000        ,LRU         ,17414537    ,2585463     ,0.87072685  ,0.7362      ,34561898.5  ,78098241    ,137980418.5 ,181516761   ,267253568.5 ,310789911   
zipf_1.9_0.0.tr     ,3000        ,LRU         ,17640475    ,2359525     ,0.88202375  ,0.7407      ,32415487.5  ,76516675    ,126796487.5 ,170897675   ,244772737.5 ,288873925   
zipf_1.9_0.0.tr     ,4000        ,LRU         ,17792059    ,2207941     ,0.88960295  ,0.7364      ,30975439.5  ,75455587    ,119293079.5 ,163773227   ,229690129.5 ,274170277   
zipf_1.9_0.0.tr     ,5000        ,LRU         ,17904562    ,2095438     ,0.8952281   ,0.7334      ,29906661.0  ,74668066    ,113724181.0 ,158485586   ,218496081.0 ,263257486   
zipf_1.9_0.0.tr     ,6000        ,LRU         ,17994150    ,2005850     ,0.8997075   ,0.7339      ,29055575.0  ,74040950    ,109289575.0 ,154274950   ,209582075.0 ,254567450   
zipf_1.9_0.0.tr     ,7000        ,LRU         ,18067577    ,1932423     ,0.90337885  ,0.7375      ,28358018.5  ,73526961    ,105654938.5 ,150823881   ,202276088.5 ,247445031   
zipf_1.9_0.0.tr     ,8000        ,LRU         ,18130301    ,1869699     ,0.90651505  ,0.7288      ,27762140.5  ,73087893    ,102550100.5 ,147875853   ,196035050.5 ,241360803   
zipf_1.9_0.0.tr     ,9000        ,LRU         ,18184713    ,1815287     ,0.90923565  ,0.7224      ,27245226.5  ,72707009    ,99856706.5  ,145318489   ,190621056.5 ,236082839   
zipf_1.9_0.0.tr     ,10000       ,LRU         ,18232311    ,1767689     ,0.91161555  ,0.7227      ,26793045.5  ,72373823    ,97500605.5  ,143081383   ,185885055.5 ,231465833   
zipf_1.9_0.0.tr     ,20000       ,LRU         ,18531874    ,1468126     ,0.9265937   ,0.7344      ,23947197.0  ,70276882    ,82672237.0  ,129001922   ,156078537.0 ,202408222   
zipf_1.9_0.0.tr     ,30000       ,LRU         ,18695901    ,1304099     ,0.93479505  ,0.7262      ,22388940.5  ,69128693    ,74552900.5  ,121292653   ,139757850.5 ,186497603   
zipf_1.9_0.0.tr     ,40000       ,LRU         ,18808013    ,1191987     ,0.94040065  ,0.7431      ,21323876.5  ,68343909    ,69003356.5  ,116023389   ,128602706.5 ,175622739   
zipf_1.9_0.0.tr     ,50000       ,LRU         ,18891960    ,1108040     ,0.944598    ,0.739       ,20526380.0  ,67756280    ,64847980.0  ,112077880   ,120249980.0 ,167479880   
zipf_1.9_0.0.tr     ,60000       ,LRU         ,18959432    ,1040568     ,0.9479716   ,0.7321      ,19885396.0  ,67283976    ,61508116.0  ,108906696   ,113536516.0 ,160935096   
zipf_1.9_0.0.tr     ,70000       ,LRU         ,19015670    ,984330      ,0.9507835   ,0.7361      ,19351135.0  ,66890310    ,58724335.0  ,106263510   ,107940835.0 ,155480010   
zipf_1.9_0.0.tr     ,80000       ,LRU         ,19062737    ,937263      ,0.95313685  ,0.7462      ,18903998.5  ,66560841    ,56394518.5  ,104051361   ,103257668.5 ,150914511   
zipf_1.9_0.0.tr     ,90000       ,LRU         ,19103765    ,896235      ,0.95518825  ,0.7374      ,18514232.5  ,66273645    ,54363632.5  ,102123045   ,99175382.5  ,146934795   
zipf_1.9_0.0.tr     ,100000      ,LRU         ,19139740    ,860260      ,0.956987    ,0.7265      ,18172470.0  ,66021820    ,52582870.0  ,100432220   ,95595870.0  ,143445220   
zipf_1.9_0.0.tr     ,200000      ,LRU         ,19356653    ,643347      ,0.96783265  ,0.726       ,16111796.5  ,64503429    ,41845676.5  ,90237309    ,74013026.5  ,122404659   
zipf_1.9_0.0.tr     ,300000      ,LRU         ,19457418    ,542582      ,0.9728709   ,0.7319      ,15154529.0  ,63798074    ,36857809.0  ,85501354    ,63986909.0  ,112630454   
zipf_1.9_0.0.tr     ,400000      ,LRU         ,19504641    ,495359      ,0.97523205  ,0.7364      ,14705910.5  ,63467513    ,34520270.5  ,83281873    ,59288220.5  ,108049823   
zipf_1.9_0.0.tr     ,500000      ,LRU         ,19516066    ,483934      ,0.9758033   ,0.7317      ,14597373.0  ,63387538    ,33954733.0  ,82744898    ,58151433.0  ,106941598   
zipf_1.9_0.0.tr     ,600000      ,LRU         ,19516066    ,483934      ,0.9758033   ,0.727       ,14597373.0  ,63387538    ,33954733.0  ,82744898    ,58151433.0  ,106941598   
zipf_1.9_0.0.tr     ,700000      ,LRU         ,19516066    ,483934      ,0.9758033   ,0.7272      ,14597373.0  ,63387538    ,33954733.0  ,82744898    ,58151433.0  ,106941598   
zipf_1.9_0.0.tr     ,800000      ,LRU         ,19516066    ,483934      ,0.9758033   ,0.7298      ,14597373.0  ,63387538    ,33954733.0  ,82744898    ,58151433.0  ,106941598   
zipf_1.9_0.0.tr     ,900000      ,LRU         ,19516066    ,483934      ,0.9758033   ,0.7156      ,14597373.0  ,63387538    ,33954733.0  ,82744898    ,58151433.0  ,106941598   
zipf_1.9_0.0.tr     ,1000000     ,LRU         ,19516066    ,483934      ,0.9758033   ,0.7295      ,14597373.0  ,63387538    ,33954733.0  ,82744898    ,58151433.0  ,106941598   
zipf_2.0_0.0.tr     ,1000        ,LRU         ,18987028    ,3012972     ,0.8630467272727272,0.7354      ,39623234.0  ,87090804    ,160142114.0 ,207609684   ,310790714.0 ,358258284   
zipf_2.0_0.0.tr     ,2000        ,LRU         ,19413586    ,2586414     ,0.8824357272727272,0.7305      ,35570933.0  ,84104898    ,139027493.0 ,187561458   ,268348193.0 ,316882158   
zipf_2.0_0.0.tr     ,3000        ,LRU         ,19639824    ,2360176     ,0.8927192727272727,0.7375      ,33421672.0  ,82521232    ,127828712.0 ,176928272   ,245837512.0 ,294937072   
zipf_2.0_0.0.tr     ,4000        ,LRU         ,19791568    ,2208432     ,0.8996167272727272,0.7321      ,31980104.0  ,81459024    ,120317384.0 ,169796304   ,230738984.0 ,280217904   
zipf_2.0_0.0.tr     ,5000        ,LRU         ,19904174    ,2095826     ,0.9047351818181818,0.7314      ,30910347.0  ,80670782    ,114743387.0 ,164503822   ,219534687.0 ,269295122   
zipf_2.0_0.0.tr     ,6000        ,LRU         ,19993816    ,2006184     ,0.9088098181818182,0.7291      ,30058748.0  ,80043288    ,110306108.0 ,160290648   ,210615308.0 ,260599848   
zipf_2.0_0.0.tr     ,7000        ,LRU         ,20067288    ,1932712     ,0.9121494545454546,0.7274      ,29360764.0  ,79528984    ,106669244.0 ,156837464   ,203304844.0 ,253473064   
zipf_2.0_0.0.tr     ,8000        ,LRU         ,20130042    ,1869958     ,0.9150019090909091,0.723       ,28764601.0  ,79089706    ,103562921.0 ,153888026   ,197060821.0 ,247385926   
zipf_2.0_0.0.tr     ,9000        ,LRU         ,20184484    ,1815516     ,0.9174765454545455,0.731       ,28247402.0  ,78708612    ,100868042.0 ,151329252   ,191643842.0 ,242105052   
zipf_2.0_0.0.tr     ,10000       ,LRU         ,20232100    ,1767900     ,0.9196409090909091,0.7232      ,27795050.0  ,78375300    ,98511050.0  ,149091300   ,186906050.0 ,237486300   
zipf_2.0_0.0.tr     ,20000       ,LRU         ,20531769    ,1468231     ,0.9332622272727272,0.7346      ,24948194.5  ,76277617    ,83677434.5  ,135006857   ,157088984.5 ,208418407   
zipf_2.0_0.0.tr     ,30000       ,LRU         ,20695825    ,1304175     ,0.9407193181818182,0.7354      ,23389662.5  ,75129225    ,75556662.5  ,127296225   ,140765412.5 ,192504975   
zipf_2.0_0.0.tr     ,40000       ,LRU         ,20807954    ,1192046     ,0.9458160909090909,0.7256      ,22324437.0  ,74344322    ,70006277.0  ,122026162   ,129608577.0 ,181628462   
zipf_2.0_0.0.tr     ,50000       ,LRU         ,20891914    ,1108086     ,0.9496324545454545,0.7244      ,21526817.0  ,73756602    ,65850257.0  ,118080042   ,121254557.0 ,173484342   
zipf_2.0_0.0.tr     ,60000       ,LRU         ,20959393    ,1040607     ,0.9526996818181818,0.7231      ,20885766.5  ,73284249    ,62510046.5  ,114908529   ,114540396.5 ,166938879   
zipf_2.0_0.0.tr     ,70000       ,LRU         ,21015636    ,984364      ,0.9552561818181818,0.7319      ,20351458.0  ,72890548    ,59726018.0  ,112265108   ,108944218.0 ,161483308   
zipf_2.0_0.0.tr     ,80000       ,LRU         ,21062706    ,937294      ,0.9573957272727273,0.7296      ,19904293.0  ,72561058    ,57396053.0  ,110052818   ,104260753.0 ,156917518   
zipf_2.0_0.0.tr     ,90000       ,LRU         ,21103736    ,896264      ,0.9592607272727273,0.7225      ,19514508.0  ,72273848    ,55365068.0  ,108124408   ,100178268.0 ,152937608   
zipf_2.0_0.0.tr     ,100000      ,LRU         ,21139715    ,860285      ,0.9608961363636364,0.7202      ,19172707.5  ,72021995    ,53584107.5  ,106433395   ,96598357.5  ,149447645   
zipf_2.0_0.0.tr     ,200000      ,LRU         ,21356637    ,643363      ,0.9707562272727273,0.7345      ,17111948.5  ,70503541    ,42846468.5  ,96238061    ,75014618.5  ,128406211   
zipf_2.0_0.0.tr     ,300000      ,LRU         ,21457407    ,542593      ,0.9753366818181818,0.7395      ,16154633.5  ,69798151    ,37858353.5  ,91501871    ,64988003.5  ,118631521   
zipf_2.0_0.0.tr     ,400000      ,LRU         ,21504634    ,495366      ,0.9774833636363637,0.7386      ,15705977.0  ,69467562    ,35520617.0  ,89282202    ,60288917.0  ,114050502   
zipf_2.0_0.0.tr     ,500000      ,LRU         ,21516062    ,483938      ,0.9780028181818182,0.7391      ,15597411.0  ,69387566    ,34954931.0  ,88745086    ,59151831.0  ,112941986   
zipf_2.0_0.0.tr     ,600000      ,LRU         ,21516062    ,483938      ,0.9780028181818182,0.7418      ,15597411.0  ,69387566    ,34954931.0  ,88745086    ,59151831.0  ,112941986   
zipf_2.0_0.0.tr     ,700000      ,LRU         ,21516062    ,483938      ,0.9780028181818182,0.7321      ,15597411.0  ,69387566    ,34954931.0  ,88745086    ,59151831.0  ,112941986   
zipf_2.0_0.0.tr     ,800000      ,LRU         ,21516062    ,483938      ,0.9780028181818182,0.7195      ,15597411.0  ,69387566    ,34954931.0  ,88745086    ,59151831.0  ,112941986   
zipf_2.0_0.0.tr     ,900000      ,LRU         ,21516062    ,483938      ,0.9780028181818182,0.718       ,15597411.0  ,69387566    ,34954931.0  ,88745086    ,59151831.0  ,112941986   
zipf_2.0_0.0.tr     ,1000000     ,LRU         ,21516062    ,483938      ,0.9780028181818182,0.7105      ,15597411.0  ,69387566    ,34954931.0  ,88745086    ,59151831.0  ,112941986   
